[ 2015-05-28T09:00:15+08:00 ] 192.168.0.221 /
INFO: [ app_init ] --START--
INFO: Run Behavior\BuildLiteBehavior [ RunTime:0.000025s ]
INFO: [ app_init ] --END-- [ RunTime:0.001124s ]
INFO: [ app_begin ] --START--
INFO: Run Behavior\ReadHtmlCacheBehavior [ RunTime:0.001449s ]
INFO: [ app_begin ] --END-- [ RunTime:0.001531s ]
NOTIC: [8] Undefined index: 康迪 D:\var\wwwroot\auto.data.juzhong.me\Application\Home\Controller\IndexController.class.php 第 164 行.
NOTIC: [8] Undefined index: 赛麟 D:\var\wwwroot\auto.data.juzhong.me\Application\Home\Controller\IndexController.class.php 第 164 行.
INFO: [ app_end ] --START--
INFO: Run Behavior\ShowPageTraceBehavior [ RunTime:0.011529s ]
INFO: [ app_end ] --END-- [ RunTime:0.011576s ]

[ 2015-05-28T09:00:28+08:00 ] 192.168.0.221 /home/index/clearLogoDataCache
INFO: [ app_init ] --START--
INFO: Run Behavior\BuildLiteBehavior [ RunTime:0.000027s ]
INFO: [ app_init ] --END-- [ RunTime:0.000919s ]
INFO: [ app_begin ] --START--
INFO: Run Behavior\ReadHtmlCacheBehavior [ RunTime:0.001308s ]
INFO: [ app_begin ] --END-- [ RunTime:0.001401s ]
INFO: [ app_end ] --START--
INFO: Run Behavior\ShowPageTraceBehavior [ RunTime:0.001743s ]
INFO: [ app_end ] --END-- [ RunTime:0.001853s ]

[ 2015-05-28T09:00:39+08:00 ] 192.168.0.221 /home/index
INFO: [ app_init ] --START--
INFO: Run Behavior\BuildLiteBehavior [ RunTime:0.000024s ]
INFO: [ app_init ] --END-- [ RunTime:0.000797s ]
INFO: [ app_begin ] --START--
INFO: Run Behavior\ReadHtmlCacheBehavior [ RunTime:0.001096s ]
INFO: [ app_begin ] --END-- [ RunTime:0.001174s ]
NOTIC: [8] Undefined index: 康迪 D:\var\wwwroot\auto.data.juzhong.me\Application\Home\Controller\IndexController.class.php 第 164 行.
NOTIC: [8] Undefined index: 赛麟 D:\var\wwwroot\auto.data.juzhong.me\Application\Home\Controller\IndexController.class.php 第 164 行.
NOTIC: [8] Undefined index: STARTECH D:\var\wwwroot\auto.data.juzhong.me\Application\Home\Controller\IndexController.class.php 第 164 行.
INFO: [ app_end ] --START--
INFO: Run Behavior\ShowPageTraceBehavior [ RunTime:0.000581s ]
INFO: [ app_end ] --END-- [ RunTime:0.000623s ]

[ 2015-05-28T09:02:37+08:00 ] 192.168.0.221 /home/index
INFO: [ app_init ] --START--
INFO: Run Behavior\BuildLiteBehavior [ RunTime:0.000018s ]
INFO: [ app_init ] --END-- [ RunTime:0.000599s ]
INFO: [ app_begin ] --START--
INFO: Run Behavior\ReadHtmlCacheBehavior [ RunTime:0.000843s ]
INFO: [ app_begin ] --END-- [ RunTime:0.000900s ]
NOTIC: [8] Undefined index: 康迪 D:\var\wwwroot\auto.data.juzhong.me\Application\Home\Controller\IndexController.class.php 第 164 行.
NOTIC: [8] Undefined index: 赛麟 D:\var\wwwroot\auto.data.juzhong.me\Application\Home\Controller\IndexController.class.php 第 164 行.
NOTIC: [8] Undefined index: STARTECH D:\var\wwwroot\auto.data.juzhong.me\Application\Home\Controller\IndexController.class.php 第 164 行.
INFO: [ app_end ] --START--
INFO: Run Behavior\ShowPageTraceBehavior [ RunTime:0.000723s ]
INFO: [ app_end ] --END-- [ RunTime:0.000763s ]

[ 2015-05-28T09:05:45+08:00 ] 192.168.0.221 /home/Index/cmpBrand?id=9
INFO: [ app_init ] --START--
INFO: Run Behavior\BuildLiteBehavior [ RunTime:0.000020s ]
INFO: [ app_init ] --END-- [ RunTime:0.000660s ]
INFO: [ app_begin ] --START--
INFO: Run Behavior\ReadHtmlCacheBehavior [ RunTime:0.000996s ]
INFO: [ app_begin ] --END-- [ RunTime:0.001059s ]
NOTIC: [8] Undefined index: 奥迪 D:\var\wwwroot\auto.data.juzhong.me\Application\Home\Controller\IndexController.class.php 第 333 行.
NOTIC: [2] Invalid argument supplied for foreach() D:\var\wwwroot\auto.data.juzhong.me\Application\Home\Controller\IndexController.class.php 第 333 行.
NOTIC: [8] Undefined index: 奥迪RS D:\var\wwwroot\auto.data.juzhong.me\Application\Home\Controller\IndexController.class.php 第 333 行.
NOTIC: [2] Invalid argument supplied for foreach() D:\var\wwwroot\auto.data.juzhong.me\Application\Home\Controller\IndexController.class.php 第 333 行.
INFO: [ app_end ] --START--
INFO: Run Behavior\ShowPageTraceBehavior [ RunTime:0.000806s ]
INFO: [ app_end ] --END-- [ RunTime:0.000846s ]

[ 2015-05-28T09:05:51+08:00 ] 192.168.0.221 /home/index/clearBandDataCache?id=9
INFO: [ app_init ] --START--
INFO: Run Behavior\BuildLiteBehavior [ RunTime:0.000023s ]
INFO: [ app_init ] --END-- [ RunTime:0.000769s ]
INFO: [ app_begin ] --START--
INFO: Run Behavior\ReadHtmlCacheBehavior [ RunTime:0.001152s ]
INFO: [ app_begin ] --END-- [ RunTime:0.001235s ]
INFO: [ app_end ] --START--
INFO: Run Behavior\ShowPageTraceBehavior [ RunTime:0.001121s ]
INFO: [ app_end ] --END-- [ RunTime:0.001208s ]

[ 2015-05-28T09:05:53+08:00 ] 192.168.0.221 /home/index/cmpBrand?id=9
INFO: [ app_init ] --START--
INFO: Run Behavior\BuildLiteBehavior [ RunTime:0.000025s ]
INFO: [ app_init ] --END-- [ RunTime:0.000583s ]
INFO: [ app_begin ] --START--
INFO: Run Behavior\ReadHtmlCacheBehavior [ RunTime:0.000891s ]
INFO: [ app_begin ] --END-- [ RunTime:0.000954s ]
NOTIC: [8] Undefined index: 奥迪 D:\var\wwwroot\auto.data.juzhong.me\Application\Home\Controller\IndexController.class.php 第 333 行.
NOTIC: [2] Invalid argument supplied for foreach() D:\var\wwwroot\auto.data.juzhong.me\Application\Home\Controller\IndexController.class.php 第 333 行.
NOTIC: [8] Undefined index: 奥迪RS D:\var\wwwroot\auto.data.juzhong.me\Application\Home\Controller\IndexController.class.php 第 333 行.
NOTIC: [2] Invalid argument supplied for foreach() D:\var\wwwroot\auto.data.juzhong.me\Application\Home\Controller\IndexController.class.php 第 333 行.
INFO: [ app_end ] --START--
INFO: Run Behavior\ShowPageTraceBehavior [ RunTime:0.000634s ]
INFO: [ app_end ] --END-- [ RunTime:0.000680s ]

[ 2015-05-28T09:06:24+08:00 ] 192.168.0.221 /home/Index/cmpBrand?id=3
INFO: [ app_init ] --START--
INFO: Run Behavior\BuildLiteBehavior [ RunTime:0.000044s ]
INFO: [ app_init ] --END-- [ RunTime:0.001308s ]
INFO: [ app_begin ] --START--
INFO: Run Behavior\ReadHtmlCacheBehavior [ RunTime:0.001811s ]
INFO: [ app_begin ] --END-- [ RunTime:0.001960s ]
NOTIC: [8] Undefined index: 宝马 D:\var\wwwroot\auto.data.juzhong.me\Application\Home\Controller\IndexController.class.php 第 333 行.
NOTIC: [2] Invalid argument supplied for foreach() D:\var\wwwroot\auto.data.juzhong.me\Application\Home\Controller\IndexController.class.php 第 333 行.
NOTIC: [8] Undefined index: 宝马M系 D:\var\wwwroot\auto.data.juzhong.me\Application\Home\Controller\IndexController.class.php 第 333 行.
NOTIC: [2] Invalid argument supplied for foreach() D:\var\wwwroot\auto.data.juzhong.me\Application\Home\Controller\IndexController.class.php 第 333 行.
INFO: [ app_end ] --START--
INFO: Run Behavior\ShowPageTraceBehavior [ RunTime:0.000810s ]
INFO: [ app_end ] --END-- [ RunTime:0.000857s ]

[ 2015-05-28T09:06:44+08:00 ] 192.168.0.221 /home/Index/cmpBrand?id=2
INFO: [ app_init ] --START--
INFO: Run Behavior\BuildLiteBehavior [ RunTime:0.000018s ]
INFO: [ app_init ] --END-- [ RunTime:0.000602s ]
INFO: [ app_begin ] --START--
INFO: Run Behavior\ReadHtmlCacheBehavior [ RunTime:0.000826s ]
INFO: [ app_begin ] --END-- [ RunTime:0.000889s ]
NOTIC: [8] Undefined index: 奔驰 D:\var\wwwroot\auto.data.juzhong.me\Application\Home\Controller\IndexController.class.php 第 333 行.
NOTIC: [2] Invalid argument supplied for foreach() D:\var\wwwroot\auto.data.juzhong.me\Application\Home\Controller\IndexController.class.php 第 333 行.
NOTIC: [8] Undefined index: 奔驰迈巴赫 D:\var\wwwroot\auto.data.juzhong.me\Application\Home\Controller\IndexController.class.php 第 333 行.
NOTIC: [2] Invalid argument supplied for foreach() D:\var\wwwroot\auto.data.juzhong.me\Application\Home\Controller\IndexController.class.php 第 333 行.
NOTIC: [8] Undefined index: 奔驰AMG D:\var\wwwroot\auto.data.juzhong.me\Application\Home\Controller\IndexController.class.php 第 333 行.
NOTIC: [2] Invalid argument supplied for foreach() D:\var\wwwroot\auto.data.juzhong.me\Application\Home\Controller\IndexController.class.php 第 333 行.
INFO: [ app_end ] --START--
INFO: Run Behavior\ShowPageTraceBehavior [ RunTime:0.000576s ]
INFO: [ app_end ] --END-- [ RunTime:0.000611s ]

[ 2015-05-28T09:06:58+08:00 ] 192.168.0.221 /home/Index/cmpBrand?id=100
INFO: [ app_init ] --START--
INFO: Run Behavior\BuildLiteBehavior [ RunTime:0.000021s ]
INFO: [ app_init ] --END-- [ RunTime:0.000683s ]
INFO: [ app_begin ] --START--
INFO: Run Behavior\ReadHtmlCacheBehavior [ RunTime:0.000933s ]
INFO: [ app_begin ] --END-- [ RunTime:0.001001s ]
NOTIC: [8] Undefined index: 英菲尼迪 D:\var\wwwroot\auto.data.juzhong.me\Application\Home\Controller\IndexController.class.php 第 333 行.
NOTIC: [2] Invalid argument supplied for foreach() D:\var\wwwroot\auto.data.juzhong.me\Application\Home\Controller\IndexController.class.php 第 333 行.
INFO: [ app_end ] --START--
INFO: Run Behavior\ShowPageTraceBehavior [ RunTime:0.000825s ]
INFO: [ app_end ] --END-- [ RunTime:0.000876s ]

[ 2015-05-28T09:08:34+08:00 ] 127.0.0.1 /
INFO: [ app_init ] --START--
INFO: Run Behavior\BuildLiteBehavior [ RunTime:0.000030s ]
INFO: [ app_init ] --END-- [ RunTime:0.002771s ]
INFO: [ app_begin ] --START--
INFO: Run Behavior\ReadHtmlCacheBehavior [ RunTime:0.000999s ]
INFO: [ app_begin ] --END-- [ RunTime:0.001169s ]
NOTIC: [8] Undefined index: 康迪 D:\var\wwwroot\auto.data.juzhong.me\Application\Home\Controller\IndexController.class.php 第 164 行.
NOTIC: [8] Undefined index: 赛麟 D:\var\wwwroot\auto.data.juzhong.me\Application\Home\Controller\IndexController.class.php 第 164 行.
NOTIC: [8] Undefined index: STARTECH D:\var\wwwroot\auto.data.juzhong.me\Application\Home\Controller\IndexController.class.php 第 164 行.
INFO: [ app_end ] --START--
INFO: Run Behavior\ShowPageTraceBehavior [ RunTime:0.000989s ]
INFO: [ app_end ] --END-- [ RunTime:0.001122s ]

[ 2015-05-28T09:08:42+08:00 ] 127.0.0.1 /home/Index/cmpBrand?id=9
INFO: [ app_init ] --START--
INFO: Run Behavior\BuildLiteBehavior [ RunTime:0.000012s ]
INFO: [ app_init ] --END-- [ RunTime:0.000304s ]
INFO: [ app_begin ] --START--
INFO: Run Behavior\ReadHtmlCacheBehavior [ RunTime:0.000394s ]
INFO: [ app_begin ] --END-- [ RunTime:0.000427s ]
NOTIC: [8] Undefined index: 奥迪 D:\var\wwwroot\auto.data.juzhong.me\Application\Home\Controller\IndexController.class.php 第 333 行.
NOTIC: [2] Invalid argument supplied for foreach() D:\var\wwwroot\auto.data.juzhong.me\Application\Home\Controller\IndexController.class.php 第 333 行.
NOTIC: [8] Undefined index: 奥迪RS D:\var\wwwroot\auto.data.juzhong.me\Application\Home\Controller\IndexController.class.php 第 333 行.
NOTIC: [2] Invalid argument supplied for foreach() D:\var\wwwroot\auto.data.juzhong.me\Application\Home\Controller\IndexController.class.php 第 333 行.
INFO: [ app_end ] --START--
INFO: Run Behavior\ShowPageTraceBehavior [ RunTime:0.000602s ]
INFO: [ app_end ] --END-- [ RunTime:0.000642s ]

[ 2015-05-28T09:08:44+08:00 ] 127.0.0.1 /home/index/clearBandDataCache?id=9
INFO: [ app_init ] --START--
INFO: Run Behavior\BuildLiteBehavior [ RunTime:0.000011s ]
INFO: [ app_init ] --END-- [ RunTime:0.000300s ]
INFO: [ app_begin ] --START--
INFO: Run Behavior\ReadHtmlCacheBehavior [ RunTime:0.000498s ]
INFO: [ app_begin ] --END-- [ RunTime:0.000564s ]
INFO: [ app_end ] --START--
INFO: Run Behavior\ShowPageTraceBehavior [ RunTime:0.000708s ]
INFO: [ app_end ] --END-- [ RunTime:0.000764s ]

[ 2015-05-28T09:08:46+08:00 ] 127.0.0.1 /home/index/cmpBrand?id=9
INFO: [ app_init ] --START--
INFO: Run Behavior\BuildLiteBehavior [ RunTime:0.000011s ]
INFO: [ app_init ] --END-- [ RunTime:0.000339s ]
INFO: [ app_begin ] --START--
INFO: Run Behavior\ReadHtmlCacheBehavior [ RunTime:0.000451s ]
INFO: [ app_begin ] --END-- [ RunTime:0.000495s ]
NOTIC: [8] Undefined index: 奥迪 D:\var\wwwroot\auto.data.juzhong.me\Application\Home\Controller\IndexController.class.php 第 333 行.
NOTIC: [2] Invalid argument supplied for foreach() D:\var\wwwroot\auto.data.juzhong.me\Application\Home\Controller\IndexController.class.php 第 333 行.
NOTIC: [8] Undefined index: 奥迪RS D:\var\wwwroot\auto.data.juzhong.me\Application\Home\Controller\IndexController.class.php 第 333 行.
NOTIC: [2] Invalid argument supplied for foreach() D:\var\wwwroot\auto.data.juzhong.me\Application\Home\Controller\IndexController.class.php 第 333 行.
INFO: [ app_end ] --START--
INFO: Run Behavior\ShowPageTraceBehavior [ RunTime:0.000847s ]
INFO: [ app_end ] --END-- [ RunTime:0.000900s ]

[ 2015-05-28T09:11:04+08:00 ] 127.0.0.1 /home/index/cmpBrand?id=9
INFO: [ app_init ] --START--
INFO: Run Behavior\BuildLiteBehavior [ RunTime:0.000013s ]
INFO: [ app_init ] --END-- [ RunTime:0.000402s ]
INFO: [ app_begin ] --START--
INFO: Run Behavior\ReadHtmlCacheBehavior [ RunTime:0.000566s ]
INFO: [ app_begin ] --END-- [ RunTime:0.000609s ]
INFO: [ app_end ] --START--
INFO: Run Behavior\ShowPageTraceBehavior [ RunTime:0.000672s ]
INFO: [ app_end ] --END-- [ RunTime:0.000722s ]

[ 2015-05-28T09:14:59+08:00 ] 127.0.0.1 /
INFO: [ app_init ] --START--
INFO: Run Behavior\BuildLiteBehavior [ RunTime:0.000012s ]
INFO: [ app_init ] --END-- [ RunTime:0.000369s ]
INFO: [ app_begin ] --START--
INFO: Run Behavior\ReadHtmlCacheBehavior [ RunTime:0.000570s ]
INFO: [ app_begin ] --END-- [ RunTime:0.000610s ]
NOTIC: [8] Undefined index: 康迪 D:\var\wwwroot\auto.data.juzhong.me\Application\Home\Controller\IndexController.class.php 第 164 行.
NOTIC: [8] Undefined index: 赛麟 D:\var\wwwroot\auto.data.juzhong.me\Application\Home\Controller\IndexController.class.php 第 164 行.
NOTIC: [8] Undefined index: STARTECH D:\var\wwwroot\auto.data.juzhong.me\Application\Home\Controller\IndexController.class.php 第 164 行.
INFO: [ app_end ] --START--
INFO: Run Behavior\ShowPageTraceBehavior [ RunTime:0.000792s ]
INFO: [ app_end ] --END-- [ RunTime:0.000844s ]

[ 2015-05-28T09:15:01+08:00 ] 127.0.0.1 /home/index/clearBandDataCache?id=9
INFO: [ app_init ] --START--
INFO: Run Behavior\BuildLiteBehavior [ RunTime:0.000072s ]
INFO: [ app_init ] --END-- [ RunTime:0.000787s ]
INFO: [ app_begin ] --START--
INFO: Run Behavior\ReadHtmlCacheBehavior [ RunTime:0.000904s ]
INFO: [ app_begin ] --END-- [ RunTime:0.001041s ]
INFO: [ app_end ] --START--
INFO: Run Behavior\ShowPageTraceBehavior [ RunTime:0.000730s ]
INFO: [ app_end ] --END-- [ RunTime:0.000792s ]

[ 2015-05-28T09:15:03+08:00 ] 127.0.0.1 /home/index/cmpBrand?id=9
INFO: [ app_init ] --START--
INFO: Run Behavior\BuildLiteBehavior [ RunTime:0.000011s ]
INFO: [ app_init ] --END-- [ RunTime:0.000435s ]
INFO: [ app_begin ] --START--
INFO: Run Behavior\ReadHtmlCacheBehavior [ RunTime:0.000481s ]
INFO: [ app_begin ] --END-- [ RunTime:0.000515s ]
INFO: [ app_end ] --START--
INFO: Run Behavior\ShowPageTraceBehavior [ RunTime:0.000623s ]
INFO: [ app_end ] --END-- [ RunTime:0.000668s ]

[ 2015-05-28T09:15:04+08:00 ] 127.0.0.1 /home/index/cmpBrand?id=9
INFO: [ app_init ] --START--
INFO: Run Behavior\BuildLiteBehavior [ RunTime:0.000010s ]
INFO: [ app_init ] --END-- [ RunTime:0.000339s ]
INFO: [ app_begin ] --START--
INFO: Run Behavior\ReadHtmlCacheBehavior [ RunTime:0.000455s ]
INFO: [ app_begin ] --END-- [ RunTime:0.000489s ]
INFO: [ app_end ] --START--
INFO: Run Behavior\ShowPageTraceBehavior [ RunTime:0.001271s ]
INFO: [ app_end ] --END-- [ RunTime:0.001433s ]

[ 2015-05-28T09:16:59+08:00 ] 127.0.0.1 /
INFO: [ app_init ] --START--
INFO: Run Behavior\BuildLiteBehavior [ RunTime:0.000017s ]
INFO: [ app_init ] --END-- [ RunTime:0.000438s ]
INFO: [ app_begin ] --START--
INFO: Run Behavior\ReadHtmlCacheBehavior [ RunTime:0.000559s ]
INFO: [ app_begin ] --END-- [ RunTime:0.000625s ]

[ 2015-05-28T09:17:19+08:00 ] 127.0.0.1 /
INFO: [ app_init ] --START--
INFO: Run Behavior\BuildLiteBehavior [ RunTime:0.000023s ]
INFO: [ app_init ] --END-- [ RunTime:0.000760s ]
INFO: [ app_begin ] --START--
INFO: Run Behavior\ReadHtmlCacheBehavior [ RunTime:0.001137s ]
INFO: [ app_begin ] --END-- [ RunTime:0.001224s ]

[ 2015-05-28T09:17:54+08:00 ] 127.0.0.1 /
INFO: [ app_init ] --START--
INFO: Run Behavior\BuildLiteBehavior [ RunTime:0.000023s ]
INFO: [ app_init ] --END-- [ RunTime:0.000717s ]
INFO: [ app_begin ] --START--
INFO: Run Behavior\ReadHtmlCacheBehavior [ RunTime:0.001001s ]
INFO: [ app_begin ] --END-- [ RunTime:0.001078s ]

[ 2015-05-28T09:20:50+08:00 ] 127.0.0.1 /
INFO: [ app_init ] --START--
INFO: Run Behavior\BuildLiteBehavior [ RunTime:0.000010s ]
INFO: [ app_init ] --END-- [ RunTime:0.000332s ]
INFO: [ app_begin ] --START--
INFO: Run Behavior\ReadHtmlCacheBehavior [ RunTime:0.000479s ]
INFO: [ app_begin ] --END-- [ RunTime:0.000516s ]

[ 2015-05-28T09:21:15+08:00 ] 127.0.0.1 /
INFO: [ app_init ] --START--
INFO: Run Behavior\BuildLiteBehavior [ RunTime:0.000024s ]
INFO: [ app_init ] --END-- [ RunTime:0.000763s ]
INFO: [ app_begin ] --START--
INFO: Run Behavior\ReadHtmlCacheBehavior [ RunTime:0.001148s ]
INFO: [ app_begin ] --END-- [ RunTime:0.001240s ]
NOTIC: [8] Undefined index: 康迪 D:\var\wwwroot\auto.data.juzhong.me\Application\Home\Controller\IndexController.class.php 第 177 行.
NOTIC: [8] Undefined index: 赛麟 D:\var\wwwroot\auto.data.juzhong.me\Application\Home\Controller\IndexController.class.php 第 177 行.
NOTIC: [8] Undefined index: STARTECH D:\var\wwwroot\auto.data.juzhong.me\Application\Home\Controller\IndexController.class.php 第 177 行.
INFO: [ app_end ] --START--
INFO: Run Behavior\ShowPageTraceBehavior [ RunTime:0.000776s ]
INFO: [ app_end ] --END-- [ RunTime:0.000836s ]

[ 2015-05-28T09:21:22+08:00 ] 127.0.0.1 /home/Index/cmpBrand?id=26
INFO: [ app_init ] --START--
INFO: Run Behavior\BuildLiteBehavior [ RunTime:0.000011s ]
INFO: [ app_init ] --END-- [ RunTime:0.000294s ]
INFO: [ app_begin ] --START--
INFO: Run Behavior\ReadHtmlCacheBehavior [ RunTime:0.000498s ]
INFO: [ app_begin ] --END-- [ RunTime:0.000542s ]
NOTIC: [2] filectime(): stat failed for logo_page/bitauto_26 D:\var\wwwroot\auto.data.juzhong.me\Application\Home\Controller\IndexController.class.php 第 225 行.
NOTIC: [2] unlink(logo_page/bitauto_26): No such file or directory D:\var\wwwroot\auto.data.juzhong.me\Application\Home\Controller\IndexController.class.php 第 227 行.
NOTIC: [2] filectime(): stat failed for logo_page/news18a_26 D:\var\wwwroot\auto.data.juzhong.me\Application\Home\Controller\IndexController.class.php 第 290 行.
NOTIC: [2] unlink(logo_page/news18a_26): No such file or directory D:\var\wwwroot\auto.data.juzhong.me\Application\Home\Controller\IndexController.class.php 第 292 行.
INFO: [ app_end ] --START--
INFO: Run Behavior\ShowPageTraceBehavior [ RunTime:0.000593s ]
INFO: [ app_end ] --END-- [ RunTime:0.000641s ]

[ 2015-05-28T09:21:25+08:00 ] 127.0.0.1 /home/Index/cmpBrand?id=26
INFO: [ app_init ] --START--
INFO: Run Behavior\BuildLiteBehavior [ RunTime:0.000011s ]
INFO: [ app_init ] --END-- [ RunTime:0.000296s ]
INFO: [ app_begin ] --START--
INFO: Run Behavior\ReadHtmlCacheBehavior [ RunTime:0.000428s ]
INFO: [ app_begin ] --END-- [ RunTime:0.000468s ]
INFO: [ app_end ] --START--
INFO: Run Behavior\ShowPageTraceBehavior [ RunTime:0.000644s ]
INFO: [ app_end ] --END-- [ RunTime:0.000697s ]

[ 2015-05-28T09:21:26+08:00 ] 127.0.0.1 /home/Index/cmpBrand?id=26
INFO: [ app_init ] --START--
INFO: Run Behavior\BuildLiteBehavior [ RunTime:0.000011s ]
INFO: [ app_init ] --END-- [ RunTime:0.000360s ]
INFO: [ app_begin ] --START--
INFO: Run Behavior\ReadHtmlCacheBehavior [ RunTime:0.000465s ]
INFO: [ app_begin ] --END-- [ RunTime:0.000500s ]
INFO: [ app_end ] --START--
INFO: Run Behavior\ShowPageTraceBehavior [ RunTime:0.000641s ]
INFO: [ app_end ] --END-- [ RunTime:0.000688s ]

[ 2015-05-28T09:21:50+08:00 ] 127.0.0.1 /home/Index/cmpBrand?id=7
INFO: [ app_init ] --START--
INFO: Run Behavior\BuildLiteBehavior [ RunTime:0.000011s ]
INFO: [ app_init ] --END-- [ RunTime:0.000286s ]
INFO: [ app_begin ] --START--
INFO: Run Behavior\ReadHtmlCacheBehavior [ RunTime:0.000404s ]
INFO: [ app_begin ] --END-- [ RunTime:0.000438s ]
NOTIC: [2] filectime(): stat failed for logo_page/bitauto_7 D:\var\wwwroot\auto.data.juzhong.me\Application\Home\Controller\IndexController.class.php 第 225 行.
NOTIC: [2] unlink(logo_page/bitauto_7): No such file or directory D:\var\wwwroot\auto.data.juzhong.me\Application\Home\Controller\IndexController.class.php 第 227 行.
NOTIC: [2] filectime(): stat failed for logo_page/news18a_7 D:\var\wwwroot\auto.data.juzhong.me\Application\Home\Controller\IndexController.class.php 第 290 行.
NOTIC: [2] unlink(logo_page/news18a_7): No such file or directory D:\var\wwwroot\auto.data.juzhong.me\Application\Home\Controller\IndexController.class.php 第 292 行.
INFO: [ app_end ] --START--
INFO: Run Behavior\ShowPageTraceBehavior [ RunTime:0.000624s ]
INFO: [ app_end ] --END-- [ RunTime:0.000674s ]

[ 2015-05-28T09:22:51+08:00 ] 127.0.0.1 /home/index/clearBandDataCache?id=26
INFO: [ app_init ] --START--
INFO: Run Behavior\BuildLiteBehavior [ RunTime:0.000012s ]
INFO: [ app_init ] --END-- [ RunTime:0.000788s ]
INFO: [ app_begin ] --START--
INFO: Run Behavior\ReadHtmlCacheBehavior [ RunTime:0.000634s ]
INFO: [ app_begin ] --END-- [ RunTime:0.000701s ]
INFO: [ app_end ] --START--
INFO: Run Behavior\ShowPageTraceBehavior [ RunTime:0.000736s ]
INFO: [ app_end ] --END-- [ RunTime:0.000791s ]

[ 2015-05-28T09:22:53+08:00 ] 127.0.0.1 /home/index/cmpBrand?id=26
INFO: [ app_init ] --START--
INFO: Run Behavior\BuildLiteBehavior [ RunTime:0.000077s ]
INFO: [ app_init ] --END-- [ RunTime:0.000787s ]
INFO: [ app_begin ] --START--
INFO: Run Behavior\ReadHtmlCacheBehavior [ RunTime:0.000547s ]
INFO: [ app_begin ] --END-- [ RunTime:0.000602s ]
NOTIC: [2] filectime(): stat failed for logo_page/bitauto_26 D:\var\wwwroot\auto.data.juzhong.me\Application\Home\Controller\IndexController.class.php 第 225 行.
NOTIC: [2] unlink(logo_page/bitauto_26): No such file or directory D:\var\wwwroot\auto.data.juzhong.me\Application\Home\Controller\IndexController.class.php 第 227 行.
NOTIC: [2] filectime(): stat failed for logo_page/news18a_26 D:\var\wwwroot\auto.data.juzhong.me\Application\Home\Controller\IndexController.class.php 第 290 行.
NOTIC: [2] unlink(logo_page/news18a_26): No such file or directory D:\var\wwwroot\auto.data.juzhong.me\Application\Home\Controller\IndexController.class.php 第 292 行.
INFO: [ app_end ] --START--
INFO: Run Behavior\ShowPageTraceBehavior [ RunTime:0.000608s ]
INFO: [ app_end ] --END-- [ RunTime:0.000659s ]

[ 2015-05-28T09:23:21+08:00 ] 127.0.0.1 /home/Index/cmpBrand?id=7
INFO: [ app_init ] --START--
INFO: Run Behavior\BuildLiteBehavior [ RunTime:0.000010s ]
INFO: [ app_init ] --END-- [ RunTime:0.000306s ]
INFO: [ app_begin ] --START--
INFO: Run Behavior\ReadHtmlCacheBehavior [ RunTime:0.000418s ]
INFO: [ app_begin ] --END-- [ RunTime:0.000459s ]
INFO: [ app_end ] --START--
INFO: Run Behavior\ShowPageTraceBehavior [ RunTime:0.000566s ]
INFO: [ app_end ] --END-- [ RunTime:0.000615s ]

[ 2015-05-28T09:36:48+08:00 ] 127.0.0.1 /home/Index/cmpBrand?id=7
INFO: [ app_init ] --START--
INFO: Run Behavior\BuildLiteBehavior [ RunTime:0.000016s ]
INFO: [ app_init ] --END-- [ RunTime:0.000627s ]
INFO: [ app_begin ] --START--
INFO: Run Behavior\ReadHtmlCacheBehavior [ RunTime:0.000834s ]
INFO: [ app_begin ] --END-- [ RunTime:0.000918s ]
NOTIC: [8] Undefined index: DocumentRoot D:\var\wwwroot\auto.data.juzhong.me\Application\Home\Controller\IndexController.class.php 第 12 行.
INFO: [ app_end ] --START--
INFO: Run Behavior\ShowPageTraceBehavior [ RunTime:0.000674s ]
INFO: [ app_end ] --END-- [ RunTime:0.000743s ]

[ 2015-05-28T09:36:58+08:00 ] 127.0.0.1 /home/Index/cmpBrand?id=7
INFO: [ app_init ] --START--
INFO: Run Behavior\BuildLiteBehavior [ RunTime:0.000020s ]
INFO: [ app_init ] --END-- [ RunTime:0.000612s ]
INFO: [ app_begin ] --START--
INFO: Run Behavior\ReadHtmlCacheBehavior [ RunTime:0.000812s ]
INFO: [ app_begin ] --END-- [ RunTime:0.000878s ]
INFO: [ app_end ] --START--
INFO: Run Behavior\ShowPageTraceBehavior [ RunTime:0.001155s ]
INFO: [ app_end ] --END-- [ RunTime:0.001273s ]

[ 2015-05-28T09:37:26+08:00 ] 127.0.0.1 /home/Index/cmpBrand?id=7
INFO: [ app_init ] --START--
INFO: Run Behavior\BuildLiteBehavior [ RunTime:0.000024s ]
INFO: [ app_init ] --END-- [ RunTime:0.000668s ]
INFO: [ app_begin ] --START--
INFO: Run Behavior\ReadHtmlCacheBehavior [ RunTime:0.000899s ]
INFO: [ app_begin ] --END-- [ RunTime:0.000980s ]
INFO: [ app_end ] --START--
INFO: Run Behavior\ShowPageTraceBehavior [ RunTime:0.000587s ]
INFO: [ app_end ] --END-- [ RunTime:0.000672s ]

[ 2015-05-28T09:37:46+08:00 ] 127.0.0.1 /home/Index/cmpBrand?id=7
INFO: [ app_init ] --START--
INFO: Run Behavior\BuildLiteBehavior [ RunTime:0.000023s ]
INFO: [ app_init ] --END-- [ RunTime:0.000742s ]
INFO: [ app_begin ] --START--
INFO: Run Behavior\ReadHtmlCacheBehavior [ RunTime:0.001009s ]
INFO: [ app_begin ] --END-- [ RunTime:0.001089s ]
INFO: [ app_end ] --START--
INFO: Run Behavior\ShowPageTraceBehavior [ RunTime:0.000619s ]
INFO: [ app_end ] --END-- [ RunTime:0.000664s ]

[ 2015-05-28T09:37:51+08:00 ] 127.0.0.1 /home/Index/cmpBrand?id=7
INFO: [ app_init ] --START--
INFO: Run Behavior\BuildLiteBehavior [ RunTime:0.000021s ]
INFO: [ app_init ] --END-- [ RunTime:0.000656s ]
INFO: [ app_begin ] --START--
INFO: Run Behavior\ReadHtmlCacheBehavior [ RunTime:0.000894s ]
INFO: [ app_begin ] --END-- [ RunTime:0.000965s ]
INFO: [ app_end ] --START--
INFO: Run Behavior\ShowPageTraceBehavior [ RunTime:0.000622s ]
INFO: [ app_end ] --END-- [ RunTime:0.000668s ]

[ 2015-05-28T09:42:06+08:00 ] 127.0.0.1 /home/Index/cmpBrand?id=3
INFO: [ app_init ] --START--
INFO: Run Behavior\BuildLiteBehavior [ RunTime:0.000010s ]
INFO: [ app_init ] --END-- [ RunTime:0.000345s ]
INFO: [ app_begin ] --START--
INFO: Run Behavior\ReadHtmlCacheBehavior [ RunTime:0.000475s ]
INFO: [ app_begin ] --END-- [ RunTime:0.000519s ]
INFO: [ app_end ] --START--
INFO: Run Behavior\ShowPageTraceBehavior [ RunTime:0.000759s ]
INFO: [ app_end ] --END-- [ RunTime:0.000900s ]

[ 2015-05-28T09:45:11+08:00 ] 192.168.0.221 /home/Index/cmpBrand?id=3
INFO: [ app_init ] --START--
INFO: Run Behavior\BuildLiteBehavior [ RunTime:0.000017s ]
INFO: [ app_init ] --END-- [ RunTime:0.000597s ]
INFO: [ app_begin ] --START--
INFO: Run Behavior\ReadHtmlCacheBehavior [ RunTime:0.000794s ]
INFO: [ app_begin ] --END-- [ RunTime:0.000866s ]
INFO: [ app_end ] --START--
INFO: Run Behavior\ShowPageTraceBehavior [ RunTime:0.000648s ]
INFO: [ app_end ] --END-- [ RunTime:0.000698s ]

[ 2015-05-28T09:45:13+08:00 ] 192.168.0.221 /home/Index/cmpBrand?id=2
INFO: [ app_init ] --START--
INFO: Run Behavior\BuildLiteBehavior [ RunTime:0.000020s ]
INFO: [ app_init ] --END-- [ RunTime:0.000726s ]
INFO: [ app_begin ] --START--
INFO: Run Behavior\ReadHtmlCacheBehavior [ RunTime:0.000908s ]
INFO: [ app_begin ] --END-- [ RunTime:0.001018s ]
INFO: [ app_end ] --START--
INFO: Run Behavior\ShowPageTraceBehavior [ RunTime:0.000620s ]
INFO: [ app_end ] --END-- [ RunTime:0.000671s ]

[ 2015-05-28T09:45:33+08:00 ] 192.168.0.221 /home/index
INFO: [ app_init ] --START--
INFO: Run Behavior\BuildLiteBehavior [ RunTime:0.000027s ]
INFO: [ app_init ] --END-- [ RunTime:0.000878s ]
INFO: [ app_begin ] --START--
INFO: Run Behavior\ReadHtmlCacheBehavior [ RunTime:0.001300s ]
INFO: [ app_begin ] --END-- [ RunTime:0.001392s ]
NOTIC: [8] Undefined index: 康迪 D:\var\wwwroot\auto.data.juzhong.me\Application\Home\Controller\IndexController.class.php 第 178 行.
NOTIC: [8] Undefined index: 赛麟 D:\var\wwwroot\auto.data.juzhong.me\Application\Home\Controller\IndexController.class.php 第 178 行.
NOTIC: [8] Undefined index: STARTECH D:\var\wwwroot\auto.data.juzhong.me\Application\Home\Controller\IndexController.class.php 第 178 行.
INFO: [ app_end ] --START--
INFO: Run Behavior\ShowPageTraceBehavior [ RunTime:0.000585s ]
INFO: [ app_end ] --END-- [ RunTime:0.000627s ]

[ 2015-05-28T11:58:03+08:00 ] 192.168.0.221 /home/index
INFO: [ app_init ] --START--
INFO: Run Behavior\BuildLiteBehavior [ RunTime:0.000023s ]
INFO: [ app_init ] --END-- [ RunTime:0.000804s ]
INFO: [ app_begin ] --START--
INFO: Run Behavior\ReadHtmlCacheBehavior [ RunTime:0.001152s ]
INFO: [ app_begin ] --END-- [ RunTime:0.001231s ]
NOTIC: [8] Undefined index: 康迪 D:\var\wwwroot\auto.data.juzhong.me\Application\Home\Controller\IndexController.class.php 第 178 行.
NOTIC: [8] Undefined index: 赛麟 D:\var\wwwroot\auto.data.juzhong.me\Application\Home\Controller\IndexController.class.php 第 178 行.
NOTIC: [8] Undefined index: STARTECH D:\var\wwwroot\auto.data.juzhong.me\Application\Home\Controller\IndexController.class.php 第 178 行.
INFO: [ app_end ] --START--
INFO: Run Behavior\ShowPageTraceBehavior [ RunTime:0.000617s ]
INFO: [ app_end ] --END-- [ RunTime:0.000654s ]

[ 2015-05-28T14:00:12+08:00 ] 192.168.0.250 /home/index/clearBandDataCache?id=2
INFO: [ app_init ] --START--
INFO: Run Behavior\BuildLiteBehavior [ RunTime:0.000018s ]
INFO: [ app_init ] --END-- [ RunTime:0.000613s ]
INFO: [ app_begin ] --START--
INFO: Run Behavior\ReadHtmlCacheBehavior [ RunTime:0.000863s ]
INFO: [ app_begin ] --END-- [ RunTime:0.000921s ]
INFO: [ app_end ] --START--
INFO: Run Behavior\ShowPageTraceBehavior [ RunTime:0.001141s ]
INFO: [ app_end ] --END-- [ RunTime:0.001214s ]

[ 2015-05-28T14:00:15+08:00 ] 192.168.0.250 /home/index/cmpBrand?id=2
INFO: [ app_init ] --START--
INFO: Run Behavior\BuildLiteBehavior [ RunTime:0.000019s ]
INFO: [ app_init ] --END-- [ RunTime:0.000638s ]
INFO: [ app_begin ] --START--
INFO: Run Behavior\ReadHtmlCacheBehavior [ RunTime:0.000879s ]
INFO: [ app_begin ] --END-- [ RunTime:0.000940s ]
NOTIC: [2] filectime(): stat failed for logo_page/bitauto_2 D:\var\wwwroot\auto.data.juzhong.me\Application\Home\Controller\IndexController.class.php 第 226 行.
NOTIC: [2] unlink(logo_page/bitauto_2): No such file or directory D:\var\wwwroot\auto.data.juzhong.me\Application\Home\Controller\IndexController.class.php 第 228 行.
NOTIC: [2] filectime(): stat failed for logo_page/news18a_2 D:\var\wwwroot\auto.data.juzhong.me\Application\Home\Controller\IndexController.class.php 第 291 行.
NOTIC: [2] unlink(logo_page/news18a_2): No such file or directory D:\var\wwwroot\auto.data.juzhong.me\Application\Home\Controller\IndexController.class.php 第 293 行.
INFO: [ app_end ] --START--
INFO: Run Behavior\ShowPageTraceBehavior [ RunTime:0.000559s ]
INFO: [ app_end ] --END-- [ RunTime:0.000603s ]

[ 2015-05-28T18:13:54+08:00 ] 192.168.0.250 /home/index/cmpBrand?id=2
INFO: [ app_init ] --START--
INFO: Run Behavior\BuildLiteBehavior [ RunTime:0.000012s ]
INFO: [ app_init ] --END-- [ RunTime:0.000339s ]
INFO: [ app_begin ] --START--
INFO: Run Behavior\ReadHtmlCacheBehavior [ RunTime:0.000561s ]
INFO: [ app_begin ] --END-- [ RunTime:0.000617s ]
INFO: [ app_end ] --START--
INFO: Run Behavior\ShowPageTraceBehavior [ RunTime:0.000823s ]
INFO: [ app_end ] --END-- [ RunTime:0.000881s ]

[ 2015-05-28T18:14:00+08:00 ] 192.168.0.250 /home/index
INFO: [ app_init ] --START--
INFO: Run Behavior\BuildLiteBehavior [ RunTime:0.000018s ]
INFO: [ app_init ] --END-- [ RunTime:0.000569s ]
INFO: [ app_begin ] --START--
INFO: Run Behavior\ReadHtmlCacheBehavior [ RunTime:0.000811s ]
INFO: [ app_begin ] --END-- [ RunTime:0.000871s ]
NOTIC: [8] Undefined index: 康迪 D:\var\wwwroot\auto.data.juzhong.me\Application\Home\Controller\IndexController.class.php 第 178 行.
NOTIC: [8] Undefined index: 赛麟 D:\var\wwwroot\auto.data.juzhong.me\Application\Home\Controller\IndexController.class.php 第 178 行.
NOTIC: [8] Undefined index: STARTECH D:\var\wwwroot\auto.data.juzhong.me\Application\Home\Controller\IndexController.class.php 第 178 行.
INFO: [ app_end ] --START--
INFO: Run Behavior\ShowPageTraceBehavior [ RunTime:0.000563s ]
INFO: [ app_end ] --END-- [ RunTime:0.000602s ]

[ 2015-05-28T18:14:10+08:00 ] 127.0.0.1 /home/index/clearBandDataCache?id=3
INFO: [ app_init ] --START--
INFO: Run Behavior\BuildLiteBehavior [ RunTime:0.000019s ]
INFO: [ app_init ] --END-- [ RunTime:0.001033s ]
INFO: [ app_begin ] --START--
INFO: Run Behavior\ReadHtmlCacheBehavior [ RunTime:0.000543s ]
INFO: [ app_begin ] --END-- [ RunTime:0.000615s ]
INFO: [ app_end ] --START--
INFO: Run Behavior\ShowPageTraceBehavior [ RunTime:0.000698s ]
INFO: [ app_end ] --END-- [ RunTime:0.000752s ]

[ 2015-05-28T18:14:15+08:00 ] 127.0.0.1 /home/index/cmpBrand?id=3
INFO: [ app_init ] --START--
INFO: Run Behavior\BuildLiteBehavior [ RunTime:0.000018s ]
INFO: [ app_init ] --END-- [ RunTime:0.000420s ]
INFO: [ app_begin ] --START--
INFO: Run Behavior\ReadHtmlCacheBehavior [ RunTime:0.000520s ]
INFO: [ app_begin ] --END-- [ RunTime:0.000558s ]
NOTIC: [2] filectime(): stat failed for logo_page/bitauto_3 D:\var\wwwroot\auto.data.juzhong.me\Application\Home\Controller\IndexController.class.php 第 226 行.
NOTIC: [2] unlink(logo_page/bitauto_3): No such file or directory D:\var\wwwroot\auto.data.juzhong.me\Application\Home\Controller\IndexController.class.php 第 228 行.
NOTIC: [2] filectime(): stat failed for logo_page/news18a_3 D:\var\wwwroot\auto.data.juzhong.me\Application\Home\Controller\IndexController.class.php 第 291 行.
NOTIC: [2] unlink(logo_page/news18a_3): No such file or directory D:\var\wwwroot\auto.data.juzhong.me\Application\Home\Controller\IndexController.class.php 第 293 行.
INFO: [ app_end ] --START--
INFO: Run Behavior\ShowPageTraceBehavior [ RunTime:0.000756s ]
INFO: [ app_end ] --END-- [ RunTime:0.000809s ]

