[ 2015-05-26T13:36:56+08:00 ] 192.168.0.250 /
INFO: [ app_init ] --START--
INFO: Run Behavior\BuildLiteBehavior [ RunTime:0.000029s ]
INFO: [ app_init ] --END-- [ RunTime:0.000872s ]
INFO: [ app_begin ] --START--
INFO: Run Behavior\ReadHtmlCacheBehavior [ RunTime:0.001308s ]
INFO: [ app_begin ] --END-- [ RunTime:0.001398s ]
NOTIC: [8] Undefined index: 康迪 D:\var\wwwroot\jiakao.juzhong.me\Application\Home\Controller\IndexController.class.php 第 164 行.
NOTIC: [8] Undefined index: P D:\var\wwwroot\jiakao.juzhong.me\Application\Home\Controller\IndexController.class.php 第 156 行.
NOTIC: [2] Invalid argument supplied for foreach() D:\var\wwwroot\jiakao.juzhong.me\Application\Home\Controller\IndexController.class.php 第 156 行.
NOTIC: [8] Undefined index: 赛麟 D:\var\wwwroot\jiakao.juzhong.me\Application\Home\Controller\IndexController.class.php 第 164 行.
INFO: [ app_end ] --START--
INFO: Run Behavior\ShowPageTraceBehavior [ RunTime:0.000614s ]
INFO: [ app_end ] --END-- [ RunTime:0.000651s ]

[ 2015-05-26T13:44:15+08:00 ] 127.0.0.1 /home/index
INFO: [ app_init ] --START--
INFO: Run Behavior\BuildLiteBehavior [ RunTime:0.000011s ]
INFO: [ app_init ] --END-- [ RunTime:0.000334s ]
INFO: [ app_begin ] --START--
INFO: Run Behavior\ReadHtmlCacheBehavior [ RunTime:0.000535s ]
INFO: [ app_begin ] --END-- [ RunTime:0.000569s ]
NOTIC: [8] Undefined index: 康迪 D:\var\wwwroot\jiakao.juzhong.me\Application\Home\Controller\IndexController.class.php 第 164 行.
NOTIC: [8] Undefined index: P D:\var\wwwroot\jiakao.juzhong.me\Application\Home\Controller\IndexController.class.php 第 156 行.
NOTIC: [2] Invalid argument supplied for foreach() D:\var\wwwroot\jiakao.juzhong.me\Application\Home\Controller\IndexController.class.php 第 156 行.
NOTIC: [8] Undefined index: 赛麟 D:\var\wwwroot\jiakao.juzhong.me\Application\Home\Controller\IndexController.class.php 第 164 行.
INFO: [ app_end ] --START--
INFO: Run Behavior\ShowPageTraceBehavior [ RunTime:0.000619s ]
INFO: [ app_end ] --END-- [ RunTime:0.000667s ]

[ 2015-05-26T13:53:30+08:00 ] 127.0.0.1 /home/index
INFO: [ app_init ] --START--
INFO: Run Behavior\BuildLiteBehavior [ RunTime:0.000022s ]
INFO: [ app_init ] --END-- [ RunTime:0.000736s ]
INFO: [ app_begin ] --START--
INFO: Run Behavior\ReadHtmlCacheBehavior [ RunTime:0.001015s ]
INFO: [ app_begin ] --END-- [ RunTime:0.001085s ]
NOTIC: [8] Undefined index: 康迪 D:\var\wwwroot\jiakao.juzhong.me\Application\Home\Controller\IndexController.class.php 第 164 行.
NOTIC: [8] Undefined index: P D:\var\wwwroot\jiakao.juzhong.me\Application\Home\Controller\IndexController.class.php 第 156 行.
NOTIC: [2] Invalid argument supplied for foreach() D:\var\wwwroot\jiakao.juzhong.me\Application\Home\Controller\IndexController.class.php 第 156 行.
NOTIC: [8] Undefined index: 赛麟 D:\var\wwwroot\jiakao.juzhong.me\Application\Home\Controller\IndexController.class.php 第 164 行.
INFO: [ app_end ] --START--
INFO: Run Behavior\ShowPageTraceBehavior [ RunTime:0.002159s ]
INFO: [ app_end ] --END-- [ RunTime:0.002322s ]

[ 2015-05-26T13:54:01+08:00 ] 127.0.0.1 /home/index
INFO: [ app_init ] --START--
INFO: Run Behavior\BuildLiteBehavior [ RunTime:0.000024s ]
INFO: [ app_init ] --END-- [ RunTime:0.000785s ]
INFO: [ app_begin ] --START--
INFO: Run Behavior\ReadHtmlCacheBehavior [ RunTime:0.001134s ]
INFO: [ app_begin ] --END-- [ RunTime:0.001213s ]
NOTIC: [8] Undefined index: 康迪 D:\var\wwwroot\jiakao.juzhong.me\Application\Home\Controller\IndexController.class.php 第 164 行.
NOTIC: [8] Undefined index: P D:\var\wwwroot\jiakao.juzhong.me\Application\Home\Controller\IndexController.class.php 第 156 行.
NOTIC: [2] Invalid argument supplied for foreach() D:\var\wwwroot\jiakao.juzhong.me\Application\Home\Controller\IndexController.class.php 第 156 行.
NOTIC: [8] Undefined index: 赛麟 D:\var\wwwroot\jiakao.juzhong.me\Application\Home\Controller\IndexController.class.php 第 164 行.
INFO: [ app_end ] --START--
INFO: Run Behavior\ShowPageTraceBehavior [ RunTime:0.001834s ]
INFO: [ app_end ] --END-- [ RunTime:0.002050s ]

[ 2015-05-26T13:54:03+08:00 ] 127.0.0.1 /home/clearLogoDataCache
INFO: [ app_init ] --START--
INFO: Run Behavior\BuildLiteBehavior [ RunTime:0.000011s ]
INFO: [ app_init ] --END-- [ RunTime:0.000298s ]
INFO: [ app_begin ] --START--
INFO: Run Behavior\ReadHtmlCacheBehavior [ RunTime:0.000407s ]
INFO: [ app_begin ] --END-- [ RunTime:0.000438s ]
ERR: 无法加载控制器:ClearLogoDataCache

[ 2015-05-26T13:54:08+08:00 ] 127.0.0.1 /home/index
INFO: [ app_init ] --START--
INFO: Run Behavior\BuildLiteBehavior [ RunTime:0.000011s ]
INFO: [ app_init ] --END-- [ RunTime:0.000361s ]
INFO: [ app_begin ] --START--
INFO: Run Behavior\ReadHtmlCacheBehavior [ RunTime:0.000467s ]
INFO: [ app_begin ] --END-- [ RunTime:0.000502s ]
NOTIC: [8] Undefined index: 康迪 D:\var\wwwroot\jiakao.juzhong.me\Application\Home\Controller\IndexController.class.php 第 164 行.
NOTIC: [8] Undefined index: P D:\var\wwwroot\jiakao.juzhong.me\Application\Home\Controller\IndexController.class.php 第 156 行.
NOTIC: [2] Invalid argument supplied for foreach() D:\var\wwwroot\jiakao.juzhong.me\Application\Home\Controller\IndexController.class.php 第 156 行.
NOTIC: [8] Undefined index: 赛麟 D:\var\wwwroot\jiakao.juzhong.me\Application\Home\Controller\IndexController.class.php 第 164 行.
INFO: [ app_end ] --START--
INFO: Run Behavior\ShowPageTraceBehavior [ RunTime:0.000648s ]
INFO: [ app_end ] --END-- [ RunTime:0.000714s ]

[ 2015-05-26T13:54:16+08:00 ] 127.0.0.1 /home/index
INFO: [ app_init ] --START--
INFO: Run Behavior\BuildLiteBehavior [ RunTime:0.000022s ]
INFO: [ app_init ] --END-- [ RunTime:0.000817s ]
INFO: [ app_begin ] --START--
INFO: Run Behavior\ReadHtmlCacheBehavior [ RunTime:0.001096s ]
INFO: [ app_begin ] --END-- [ RunTime:0.001182s ]
NOTIC: [8] Undefined index: 康迪 D:\var\wwwroot\jiakao.juzhong.me\Application\Home\Controller\IndexController.class.php 第 164 行.
NOTIC: [8] Undefined index: P D:\var\wwwroot\jiakao.juzhong.me\Application\Home\Controller\IndexController.class.php 第 156 行.
NOTIC: [2] Invalid argument supplied for foreach() D:\var\wwwroot\jiakao.juzhong.me\Application\Home\Controller\IndexController.class.php 第 156 行.
NOTIC: [8] Undefined index: 赛麟 D:\var\wwwroot\jiakao.juzhong.me\Application\Home\Controller\IndexController.class.php 第 164 行.
INFO: [ app_end ] --START--
INFO: Run Behavior\ShowPageTraceBehavior [ RunTime:0.001596s ]
INFO: [ app_end ] --END-- [ RunTime:0.001782s ]

[ 2015-05-26T13:54:18+08:00 ] 127.0.0.1 /home/index/clearLogoDataCache
INFO: [ app_init ] --START--
INFO: Run Behavior\BuildLiteBehavior [ RunTime:0.000041s ]
INFO: [ app_init ] --END-- [ RunTime:0.001129s ]
INFO: [ app_begin ] --START--
INFO: Run Behavior\ReadHtmlCacheBehavior [ RunTime:0.000486s ]
INFO: [ app_begin ] --END-- [ RunTime:0.000548s ]
INFO: [ app_end ] --START--
INFO: Run Behavior\ShowPageTraceBehavior [ RunTime:0.000772s ]
INFO: [ app_end ] --END-- [ RunTime:0.000826s ]

[ 2015-05-26T13:54:34+08:00 ] 127.0.0.1 /home/index
INFO: [ app_init ] --START--
INFO: Run Behavior\BuildLiteBehavior [ RunTime:0.000023s ]
INFO: [ app_init ] --END-- [ RunTime:0.000578s ]
INFO: [ app_begin ] --START--
INFO: Run Behavior\ReadHtmlCacheBehavior [ RunTime:0.001582s ]
INFO: [ app_begin ] --END-- [ RunTime:0.001720s ]
NOTIC: [8] Undefined index: 康迪 D:\var\wwwroot\jiakao.juzhong.me\Application\Home\Controller\IndexController.class.php 第 164 行.
NOTIC: [8] Undefined index: P D:\var\wwwroot\jiakao.juzhong.me\Application\Home\Controller\IndexController.class.php 第 156 行.
NOTIC: [2] Invalid argument supplied for foreach() D:\var\wwwroot\jiakao.juzhong.me\Application\Home\Controller\IndexController.class.php 第 156 行.
NOTIC: [8] Undefined index: 赛麟 D:\var\wwwroot\jiakao.juzhong.me\Application\Home\Controller\IndexController.class.php 第 164 行.
INFO: [ app_end ] --START--
INFO: Run Behavior\ShowPageTraceBehavior [ RunTime:0.000989s ]
INFO: [ app_end ] --END-- [ RunTime:0.001084s ]

[ 2015-05-26T13:54:40+08:00 ] 127.0.0.1 /home/Index/cmpFactory?id=26
INFO: [ app_init ] --START--
INFO: Run Behavior\BuildLiteBehavior [ RunTime:0.000011s ]
INFO: [ app_init ] --END-- [ RunTime:0.000284s ]
INFO: [ app_begin ] --START--
INFO: Run Behavior\ReadHtmlCacheBehavior [ RunTime:0.000393s ]
INFO: [ app_begin ] --END-- [ RunTime:0.000425s ]
INFO: [ app_end ] --START--
INFO: Run Behavior\ShowPageTraceBehavior [ RunTime:0.000580s ]
INFO: [ app_end ] --END-- [ RunTime:0.000628s ]

[ 2015-05-26T13:57:45+08:00 ] 127.0.0.1 /home/Index/cmpFactory?id=26
INFO: [ app_init ] --START--
INFO: Run Behavior\BuildLiteBehavior [ RunTime:0.000025s ]
INFO: [ app_init ] --END-- [ RunTime:0.000801s ]
INFO: [ app_begin ] --START--
INFO: Run Behavior\ReadHtmlCacheBehavior [ RunTime:0.001145s ]
INFO: [ app_begin ] --END-- [ RunTime:0.001229s ]
ERR: 非法操作:cmpFactory

[ 2015-05-26T13:57:52+08:00 ] 127.0.0.1 /home/Index/cmpBrand?id=26
INFO: [ app_init ] --START--
INFO: Run Behavior\BuildLiteBehavior [ RunTime:0.000012s ]
INFO: [ app_init ] --END-- [ RunTime:0.000368s ]
INFO: [ app_begin ] --START--
INFO: Run Behavior\ReadHtmlCacheBehavior [ RunTime:0.000470s ]
INFO: [ app_begin ] --END-- [ RunTime:0.000505s ]
INFO: [ app_end ] --START--
INFO: Run Behavior\ShowPageTraceBehavior [ RunTime:0.000705s ]
INFO: [ app_end ] --END-- [ RunTime:0.000756s ]

[ 2015-05-26T13:57:55+08:00 ] 127.0.0.1 /home/index/clearBandDataCache?id=26
INFO: [ app_init ] --START--
INFO: Run Behavior\BuildLiteBehavior [ RunTime:0.000017s ]
INFO: [ app_init ] --END-- [ RunTime:0.000959s ]
INFO: [ app_begin ] --START--
INFO: Run Behavior\ReadHtmlCacheBehavior [ RunTime:0.000559s ]
INFO: [ app_begin ] --END-- [ RunTime:0.000608s ]
INFO: [ app_end ] --START--
INFO: Run Behavior\ShowPageTraceBehavior [ RunTime:0.000675s ]
INFO: [ app_end ] --END-- [ RunTime:0.000722s ]

[ 2015-05-26T13:58:08+08:00 ] 127.0.0.1 /home/index/cmpBrand?id=26
INFO: [ app_init ] --START--
INFO: Run Behavior\BuildLiteBehavior [ RunTime:0.000012s ]
INFO: [ app_init ] --END-- [ RunTime:0.000400s ]
INFO: [ app_begin ] --START--
INFO: Run Behavior\ReadHtmlCacheBehavior [ RunTime:0.000496s ]
INFO: [ app_begin ] --END-- [ RunTime:0.000530s ]
INFO: [ app_end ] --START--
INFO: Run Behavior\ShowPageTraceBehavior [ RunTime:0.000798s ]
INFO: [ app_end ] --END-- [ RunTime:0.000860s ]

[ 2015-05-26T14:06:37+08:00 ] 127.0.0.1 /
INFO: [ app_init ] --START--
INFO: Run Behavior\BuildLiteBehavior [ RunTime:0.000017s ]
INFO: [ app_init ] --END-- [ RunTime:0.002943s ]
INFO: [ app_begin ] --START--
INFO: Run Behavior\ReadHtmlCacheBehavior [ RunTime:0.003420s ]
INFO: [ app_begin ] --END-- [ RunTime:0.003467s ]
NOTIC: [8] Undefined index: 康迪 D:\var\wwwroot\auto.data.juzhong.me\Application\Home\Controller\IndexController.class.php 第 164 行.
NOTIC: [8] Undefined index: P D:\var\wwwroot\auto.data.juzhong.me\Application\Home\Controller\IndexController.class.php 第 156 行.
NOTIC: [2] Invalid argument supplied for foreach() D:\var\wwwroot\auto.data.juzhong.me\Application\Home\Controller\IndexController.class.php 第 156 行.
NOTIC: [8] Undefined index: 赛麟 D:\var\wwwroot\auto.data.juzhong.me\Application\Home\Controller\IndexController.class.php 第 164 行.
INFO: [ app_end ] --START--
INFO: Run Behavior\ShowPageTraceBehavior [ RunTime:0.004101s ]
INFO: [ app_end ] --END-- [ RunTime:0.004159s ]

[ 2015-05-26T14:06:49+08:00 ] 127.0.0.1 /home/Index/cmpBrand?id=84
INFO: [ app_init ] --START--
INFO: Run Behavior\BuildLiteBehavior [ RunTime:0.000011s ]
INFO: [ app_init ] --END-- [ RunTime:0.000290s ]
INFO: [ app_begin ] --START--
INFO: Run Behavior\ReadHtmlCacheBehavior [ RunTime:0.000395s ]
INFO: [ app_begin ] --END-- [ RunTime:0.000430s ]
INFO: [ app_end ] --START--
INFO: Run Behavior\ShowPageTraceBehavior [ RunTime:0.000907s ]
INFO: [ app_end ] --END-- [ RunTime:0.000968s ]

[ 2015-05-26T14:09:54+08:00 ] 127.0.0.1 /
INFO: [ app_init ] --START--
INFO: Run Behavior\BuildLiteBehavior [ RunTime:0.000012s ]
INFO: [ app_init ] --END-- [ RunTime:0.000340s ]
INFO: [ app_begin ] --START--
INFO: Run Behavior\ReadHtmlCacheBehavior [ RunTime:0.000812s ]
INFO: [ app_begin ] --END-- [ RunTime:0.000938s ]
NOTIC: [8] Undefined index: 康迪 D:\var\wwwroot\auto.data.juzhong.me\Application\Home\Controller\IndexController.class.php 第 164 行.
NOTIC: [8] Undefined index: P D:\var\wwwroot\auto.data.juzhong.me\Application\Home\Controller\IndexController.class.php 第 156 行.
NOTIC: [2] Invalid argument supplied for foreach() D:\var\wwwroot\auto.data.juzhong.me\Application\Home\Controller\IndexController.class.php 第 156 行.
NOTIC: [8] Undefined index: 赛麟 D:\var\wwwroot\auto.data.juzhong.me\Application\Home\Controller\IndexController.class.php 第 164 行.
INFO: [ app_end ] --START--
INFO: Run Behavior\ShowPageTraceBehavior [ RunTime:0.001732s ]
INFO: [ app_end ] --END-- [ RunTime:0.001896s ]

[ 2015-05-26T14:11:59+08:00 ] 127.0.0.1 /home/Index/cmpBrand?id=185
INFO: [ app_init ] --START--
INFO: Run Behavior\BuildLiteBehavior [ RunTime:0.000012s ]
INFO: [ app_init ] --END-- [ RunTime:0.000314s ]
INFO: [ app_begin ] --START--
INFO: Run Behavior\ReadHtmlCacheBehavior [ RunTime:0.000457s ]
INFO: [ app_begin ] --END-- [ RunTime:0.000491s ]
NOTIC: [8] Undefined variable: res D:\var\wwwroot\auto.data.juzhong.me\Application\Home\Controller\IndexController.class.php 第 304 行.
NOTIC: [2] Invalid argument supplied for foreach() D:\var\wwwroot\auto.data.juzhong.me\Application\Home\Controller\IndexController.class.php 第 319 行.
NOTIC: [8] Undefined variable: news18a_band_names D:\var\wwwroot\auto.data.juzhong.me\Application\Home\Controller\IndexController.class.php 第 326 行.
NOTIC: [8] Undefined variable: news18a_band_names D:\var\wwwroot\auto.data.juzhong.me\Application\Home\Controller\IndexController.class.php 第 327 行.
NOTIC: [2] Invalid argument supplied for foreach() D:\var\wwwroot\auto.data.juzhong.me\Application\Home\Controller\IndexController.class.php 第 333 行.
INFO: [ app_end ] --START--
INFO: Run Behavior\ShowPageTraceBehavior [ RunTime:0.001458s ]
INFO: [ app_end ] --END-- [ RunTime:0.001521s ]

[ 2015-05-26T14:12:04+08:00 ] 127.0.0.1 /home/Index/cmpBrand?id=156
INFO: [ app_init ] --START--
INFO: Run Behavior\BuildLiteBehavior [ RunTime:0.000010s ]
INFO: [ app_init ] --END-- [ RunTime:0.000285s ]
INFO: [ app_begin ] --START--
INFO: Run Behavior\ReadHtmlCacheBehavior [ RunTime:0.000393s ]
INFO: [ app_begin ] --END-- [ RunTime:0.000427s ]
INFO: [ app_end ] --START--
INFO: Run Behavior\ShowPageTraceBehavior [ RunTime:0.000771s ]
INFO: [ app_end ] --END-- [ RunTime:0.000868s ]

[ 2015-05-26T14:12:10+08:00 ] 127.0.0.1 /home/Index/cmpBrand?id=146
INFO: [ app_init ] --START--
INFO: Run Behavior\BuildLiteBehavior [ RunTime:0.000011s ]
INFO: [ app_init ] --END-- [ RunTime:0.000282s ]
INFO: [ app_begin ] --START--
INFO: Run Behavior\ReadHtmlCacheBehavior [ RunTime:0.000390s ]
INFO: [ app_begin ] --END-- [ RunTime:0.000424s ]
INFO: [ app_end ] --START--
INFO: Run Behavior\ShowPageTraceBehavior [ RunTime:0.000591s ]
INFO: [ app_end ] --END-- [ RunTime:0.000648s ]

[ 2015-05-26T14:14:30+08:00 ] 192.168.0.250 /
INFO: [ app_init ] --START--
INFO: Run Behavior\BuildLiteBehavior [ RunTime:0.000017s ]
INFO: [ app_init ] --END-- [ RunTime:0.000591s ]
INFO: [ app_begin ] --START--
INFO: Run Behavior\ReadHtmlCacheBehavior [ RunTime:0.000860s ]
INFO: [ app_begin ] --END-- [ RunTime:0.000923s ]
NOTIC: [8] Undefined index: 康迪 D:\var\wwwroot\auto.data.juzhong.me\Application\Home\Controller\IndexController.class.php 第 164 行.
NOTIC: [8] Undefined index: P D:\var\wwwroot\auto.data.juzhong.me\Application\Home\Controller\IndexController.class.php 第 156 行.
NOTIC: [2] Invalid argument supplied for foreach() D:\var\wwwroot\auto.data.juzhong.me\Application\Home\Controller\IndexController.class.php 第 156 行.
NOTIC: [8] Undefined index: 赛麟 D:\var\wwwroot\auto.data.juzhong.me\Application\Home\Controller\IndexController.class.php 第 164 行.
INFO: [ app_end ] --START--
INFO: Run Behavior\ShowPageTraceBehavior [ RunTime:0.000679s ]
INFO: [ app_end ] --END-- [ RunTime:0.000715s ]

[ 2015-05-26T14:28:49+08:00 ] 192.168.0.250 /
INFO: [ app_init ] --START--
INFO: Run Behavior\BuildLiteBehavior [ RunTime:0.000020s ]
INFO: [ app_init ] --END-- [ RunTime:0.000707s ]
INFO: [ app_begin ] --START--
INFO: Run Behavior\ReadHtmlCacheBehavior [ RunTime:0.000870s ]
INFO: [ app_begin ] --END-- [ RunTime:0.000937s ]
NOTIC: [8] Undefined index: 康迪 D:\var\wwwroot\auto.data.juzhong.me\Application\Home\Controller\IndexController.class.php 第 164 行.
NOTIC: [8] Undefined index: P D:\var\wwwroot\auto.data.juzhong.me\Application\Home\Controller\IndexController.class.php 第 156 行.
NOTIC: [2] Invalid argument supplied for foreach() D:\var\wwwroot\auto.data.juzhong.me\Application\Home\Controller\IndexController.class.php 第 156 行.
NOTIC: [8] Undefined index: 赛麟 D:\var\wwwroot\auto.data.juzhong.me\Application\Home\Controller\IndexController.class.php 第 164 行.
INFO: [ app_end ] --START--
INFO: Run Behavior\ShowPageTraceBehavior [ RunTime:0.000657s ]
INFO: [ app_end ] --END-- [ RunTime:0.000699s ]

[ 2015-05-26T14:31:38+08:00 ] 192.168.0.250 /home/Index/cmpBrand?id=171
INFO: [ app_init ] --START--
INFO: Run Behavior\BuildLiteBehavior [ RunTime:0.000019s ]
INFO: [ app_init ] --END-- [ RunTime:0.000655s ]
INFO: [ app_begin ] --START--
INFO: Run Behavior\ReadHtmlCacheBehavior [ RunTime:0.000908s ]
INFO: [ app_begin ] --END-- [ RunTime:0.000971s ]
INFO: [ app_end ] --START--
INFO: Run Behavior\ShowPageTraceBehavior [ RunTime:0.001182s ]
INFO: [ app_end ] --END-- [ RunTime:0.001262s ]

[ 2015-05-26T15:08:50+08:00 ] 192.168.0.250 /
INFO: [ app_init ] --START--
INFO: Run Behavior\BuildLiteBehavior [ RunTime:0.000020s ]
INFO: [ app_init ] --END-- [ RunTime:0.000715s ]
INFO: [ app_begin ] --START--
INFO: Run Behavior\ReadHtmlCacheBehavior [ RunTime:0.001003s ]
INFO: [ app_begin ] --END-- [ RunTime:0.001073s ]
NOTIC: [8] Undefined index: 康迪 D:\var\wwwroot\auto.data.juzhong.me\Application\Home\Controller\IndexController.class.php 第 164 行.
NOTIC: [8] Undefined index: P D:\var\wwwroot\auto.data.juzhong.me\Application\Home\Controller\IndexController.class.php 第 156 行.
NOTIC: [2] Invalid argument supplied for foreach() D:\var\wwwroot\auto.data.juzhong.me\Application\Home\Controller\IndexController.class.php 第 156 行.
NOTIC: [8] Undefined index: 赛麟 D:\var\wwwroot\auto.data.juzhong.me\Application\Home\Controller\IndexController.class.php 第 164 行.
INFO: [ app_end ] --START--
INFO: Run Behavior\ShowPageTraceBehavior [ RunTime:0.000656s ]
INFO: [ app_end ] --END-- [ RunTime:0.000698s ]

