[ 2015-05-29T09:25:15+08:00 ] 127.0.0.1 /
INFO: [ app_init ] --START--
INFO: Run Behavior\BuildLiteBehavior [ RunTime:0.000012s ]
INFO: [ app_init ] --END-- [ RunTime:0.000376s ]
INFO: [ app_begin ] --START--
INFO: Run Behavior\ReadHtmlCacheBehavior [ RunTime:0.000513s ]
INFO: [ app_begin ] --END-- [ RunTime:0.000554s ]
NOTIC: [8] Undefined index: 康迪 D:\var\wwwroot\auto.data.juzhong.me\Application\Home\Controller\IndexController.class.php 第 178 行.
NOTIC: [8] Undefined index: 赛麟 D:\var\wwwroot\auto.data.juzhong.me\Application\Home\Controller\IndexController.class.php 第 178 行.
NOTIC: [8] Undefined index: STARTECH D:\var\wwwroot\auto.data.juzhong.me\Application\Home\Controller\IndexController.class.php 第 178 行.
INFO: [ app_end ] --START--
INFO: Run Behavior\ShowPageTraceBehavior [ RunTime:0.000827s ]
INFO: [ app_end ] --END-- [ RunTime:0.000884s ]

[ 2015-05-29T09:25:18+08:00 ] 127.0.0.1 /home/Index/cmpBrand?id=9
INFO: [ app_init ] --START--
INFO: Run Behavior\BuildLiteBehavior [ RunTime:0.000012s ]
INFO: [ app_init ] --END-- [ RunTime:0.000350s ]
INFO: [ app_begin ] --START--
INFO: Run Behavior\ReadHtmlCacheBehavior [ RunTime:0.000477s ]
INFO: [ app_begin ] --END-- [ RunTime:0.000522s ]
INFO: [ app_end ] --START--
INFO: Run Behavior\ShowPageTraceBehavior [ RunTime:0.000833s ]
INFO: [ app_end ] --END-- [ RunTime:0.000890s ]

[ 2015-05-29T09:25:32+08:00 ] 127.0.0.1 /home/Index/cmpBrand?id=3
INFO: [ app_init ] --START--
INFO: Run Behavior\BuildLiteBehavior [ RunTime:0.000059s ]
INFO: [ app_init ] --END-- [ RunTime:0.001256s ]
INFO: [ app_begin ] --START--
INFO: Run Behavior\ReadHtmlCacheBehavior [ RunTime:0.000477s ]
INFO: [ app_begin ] --END-- [ RunTime:0.000516s ]
INFO: [ app_end ] --START--
INFO: Run Behavior\ShowPageTraceBehavior [ RunTime:0.000778s ]
INFO: [ app_end ] --END-- [ RunTime:0.000826s ]

[ 2015-05-29T14:23:26+08:00 ] 127.0.0.1 /home/index/clearBandDataCache?id=9
INFO: [ app_init ] --START--
INFO: Run Behavior\BuildLiteBehavior [ RunTime:0.000012s ]
INFO: [ app_init ] --END-- [ RunTime:0.000311s ]
INFO: [ app_begin ] --START--
INFO: Run Behavior\ReadHtmlCacheBehavior [ RunTime:0.000511s ]
INFO: [ app_begin ] --END-- [ RunTime:0.000546s ]
INFO: [ app_end ] --START--
INFO: Run Behavior\ShowPageTraceBehavior [ RunTime:0.002131s ]
INFO: [ app_end ] --END-- [ RunTime:0.002196s ]

[ 2015-05-29T14:23:29+08:00 ] 127.0.0.1 /home/index/cmpBrand?id=9
INFO: [ app_init ] --START--
INFO: Run Behavior\BuildLiteBehavior [ RunTime:0.000011s ]
INFO: [ app_init ] --END-- [ RunTime:0.000387s ]
INFO: [ app_begin ] --START--
INFO: Run Behavior\ReadHtmlCacheBehavior [ RunTime:0.000513s ]
INFO: [ app_begin ] --END-- [ RunTime:0.000548s ]
NOTIC: [2] filectime(): stat failed for logo_page/bitauto_9 D:\var\wwwroot\auto.data.juzhong.me\Application\Home\Controller\IndexController.class.php 第 226 行.
NOTIC: [2] unlink(logo_page/bitauto_9): No such file or directory D:\var\wwwroot\auto.data.juzhong.me\Application\Home\Controller\IndexController.class.php 第 228 行.
NOTIC: [2] filectime(): stat failed for logo_page/news18a_9 D:\var\wwwroot\auto.data.juzhong.me\Application\Home\Controller\IndexController.class.php 第 291 行.
NOTIC: [2] unlink(logo_page/news18a_9): No such file or directory D:\var\wwwroot\auto.data.juzhong.me\Application\Home\Controller\IndexController.class.php 第 293 行.
INFO: [ app_end ] --START--
INFO: Run Behavior\ShowPageTraceBehavior [ RunTime:0.000568s ]
INFO: [ app_end ] --END-- [ RunTime:0.000615s ]

