[ 2015-05-27T08:38:58+08:00 ] 192.168.0.250 /home/index/clearLogoDataCache
INFO: [ app_init ] --START--
INFO: Run Behavior\BuildLiteBehavior [ RunTime:0.000017s ]
INFO: [ app_init ] --END-- [ RunTime:0.000564s ]
INFO: [ app_begin ] --START--
INFO: Run Behavior\ReadHtmlCacheBehavior [ RunTime:0.000790s ]
INFO: [ app_begin ] --END-- [ RunTime:0.000846s ]
INFO: [ app_end ] --START--
INFO: Run Behavior\ShowPageTraceBehavior [ RunTime:0.001081s ]
INFO: [ app_end ] --END-- [ RunTime:0.001149s ]

[ 2015-05-27T08:39:09+08:00 ] 192.168.0.250 /home/index
INFO: [ app_init ] --START--
INFO: Run Behavior\BuildLiteBehavior [ RunTime:0.000020s ]
INFO: [ app_init ] --END-- [ RunTime:0.000709s ]
INFO: [ app_begin ] --START--
INFO: Run Behavior\ReadHtmlCacheBehavior [ RunTime:0.000970s ]
INFO: [ app_begin ] --END-- [ RunTime:0.001039s ]
NOTIC: [8] Undefined index: 康迪 D:\var\wwwroot\auto.data.juzhong.me\Application\Home\Controller\IndexController.class.php 第 164 行.
NOTIC: [8] Undefined index: 赛麟 D:\var\wwwroot\auto.data.juzhong.me\Application\Home\Controller\IndexController.class.php 第 164 行.
INFO: [ app_end ] --START--
INFO: Run Behavior\ShowPageTraceBehavior [ RunTime:0.000560s ]
INFO: [ app_end ] --END-- [ RunTime:0.000598s ]

[ 2015-05-27T09:42:46+08:00 ] 127.0.0.1 /home/Index/cmpBrand?id=146
INFO: [ app_init ] --START--
INFO: Run Behavior\BuildLiteBehavior [ RunTime:0.000011s ]
INFO: [ app_init ] --END-- [ RunTime:0.000320s ]
INFO: [ app_begin ] --START--
INFO: Run Behavior\ReadHtmlCacheBehavior [ RunTime:0.000461s ]
INFO: [ app_begin ] --END-- [ RunTime:0.000496s ]
INFO: [ app_end ] --START--
INFO: Run Behavior\ShowPageTraceBehavior [ RunTime:0.000705s ]
INFO: [ app_end ] --END-- [ RunTime:0.000775s ]

