[ 2015-05-25T09:46:21+08:00 ] 127.0.0.1 /home/index
INFO: [ app_init ] --START--
INFO: Run Behavior\BuildLiteBehavior [ RunTime:0.000013s ]
INFO: [ app_init ] --END-- [ RunTime:0.000342s ]
INFO: [ app_begin ] --START--
INFO: Run Behavior\ReadHtmlCacheBehavior [ RunTime:0.000467s ]
INFO: [ app_begin ] --END-- [ RunTime:0.000506s ]
NOTIC: [8] Undefined index: 康迪 D:\var\wwwroot\jiakao.juzhong.me\Application\Home\Controller\IndexController.class.php 第 164 行.
NOTIC: [8] Undefined index: P D:\var\wwwroot\jiakao.juzhong.me\Application\Home\Controller\IndexController.class.php 第 156 行.
NOTIC: [2] Invalid argument supplied for foreach() D:\var\wwwroot\jiakao.juzhong.me\Application\Home\Controller\IndexController.class.php 第 156 行.
NOTIC: [8] Undefined index: 赛麟 D:\var\wwwroot\jiakao.juzhong.me\Application\Home\Controller\IndexController.class.php 第 164 行.
INFO: [ app_end ] --START--
INFO: Run Behavior\ShowPageTraceBehavior [ RunTime:0.000874s ]
INFO: [ app_end ] --END-- [ RunTime:0.000927s ]

[ 2015-05-25T09:47:06+08:00 ] 127.0.0.1 /home/Index/cmpFactory?id=9
INFO: [ app_init ] --START--
INFO: Run Behavior\BuildLiteBehavior [ RunTime:0.000014s ]
INFO: [ app_init ] --END-- [ RunTime:0.000612s ]
INFO: [ app_begin ] --START--
INFO: Run Behavior\ReadHtmlCacheBehavior [ RunTime:0.001436s ]
INFO: [ app_begin ] --END-- [ RunTime:0.001524s ]
INFO: [ app_end ] --START--
INFO: Run Behavior\ShowPageTraceBehavior [ RunTime:0.000578s ]
INFO: [ app_end ] --END-- [ RunTime:0.000625s ]

[ 2015-05-25T09:50:00+08:00 ] 192.168.0.171 /
INFO: [ app_init ] --START--
INFO: Run Behavior\BuildLiteBehavior [ RunTime:0.000017s ]
INFO: [ app_init ] --END-- [ RunTime:0.000588s ]
INFO: [ app_begin ] --START--
INFO: Run Behavior\ReadHtmlCacheBehavior [ RunTime:0.000773s ]
INFO: [ app_begin ] --END-- [ RunTime:0.000830s ]
NOTIC: [8] Undefined index: 康迪 D:\var\wwwroot\jiakao.juzhong.me\Application\Home\Controller\IndexController.class.php 第 164 行.
NOTIC: [8] Undefined index: P D:\var\wwwroot\jiakao.juzhong.me\Application\Home\Controller\IndexController.class.php 第 156 行.
NOTIC: [2] Invalid argument supplied for foreach() D:\var\wwwroot\jiakao.juzhong.me\Application\Home\Controller\IndexController.class.php 第 156 行.
NOTIC: [8] Undefined index: 赛麟 D:\var\wwwroot\jiakao.juzhong.me\Application\Home\Controller\IndexController.class.php 第 164 行.
INFO: [ app_end ] --START--
INFO: Run Behavior\ShowPageTraceBehavior [ RunTime:0.000653s ]
INFO: [ app_end ] --END-- [ RunTime:0.000691s ]

[ 2015-05-25T10:07:17+08:00 ] 192.168.0.250 /
INFO: [ app_init ] --START--
INFO: Run Behavior\BuildLiteBehavior [ RunTime:0.000017s ]
INFO: [ app_init ] --END-- [ RunTime:0.000583s ]
INFO: [ app_begin ] --START--
INFO: Run Behavior\ReadHtmlCacheBehavior [ RunTime:0.000823s ]
INFO: [ app_begin ] --END-- [ RunTime:0.000880s ]
NOTIC: [8] Undefined index: 康迪 D:\var\wwwroot\jiakao.juzhong.me\Application\Home\Controller\IndexController.class.php 第 164 行.
NOTIC: [8] Undefined index: P D:\var\wwwroot\jiakao.juzhong.me\Application\Home\Controller\IndexController.class.php 第 156 行.
NOTIC: [2] Invalid argument supplied for foreach() D:\var\wwwroot\jiakao.juzhong.me\Application\Home\Controller\IndexController.class.php 第 156 行.
NOTIC: [8] Undefined index: 赛麟 D:\var\wwwroot\jiakao.juzhong.me\Application\Home\Controller\IndexController.class.php 第 164 行.
INFO: [ app_end ] --START--
INFO: Run Behavior\ShowPageTraceBehavior [ RunTime:0.000653s ]
INFO: [ app_end ] --END-- [ RunTime:0.000693s ]

[ 2015-05-25T10:08:14+08:00 ] 192.168.0.250 /home/Index/cmpFactory?id=9
INFO: [ app_init ] --START--
INFO: Run Behavior\BuildLiteBehavior [ RunTime:0.000019s ]
INFO: [ app_init ] --END-- [ RunTime:0.000607s ]
INFO: [ app_begin ] --START--
INFO: Run Behavior\ReadHtmlCacheBehavior [ RunTime:0.000748s ]
INFO: [ app_begin ] --END-- [ RunTime:0.000808s ]
INFO: [ app_end ] --START--
INFO: Run Behavior\ShowPageTraceBehavior [ RunTime:0.000567s ]
INFO: [ app_end ] --END-- [ RunTime:0.000614s ]

[ 2015-05-25T10:52:57+08:00 ] 192.168.0.250 /
INFO: [ app_init ] --START--
INFO: Run Behavior\BuildLiteBehavior [ RunTime:0.000017s ]
INFO: [ app_init ] --END-- [ RunTime:0.000597s ]
INFO: [ app_begin ] --START--
INFO: Run Behavior\ReadHtmlCacheBehavior [ RunTime:0.000831s ]
INFO: [ app_begin ] --END-- [ RunTime:0.000887s ]
NOTIC: [8] Undefined index: 康迪 D:\var\wwwroot\jiakao.juzhong.me\Application\Home\Controller\IndexController.class.php 第 164 行.
NOTIC: [8] Undefined index: P D:\var\wwwroot\jiakao.juzhong.me\Application\Home\Controller\IndexController.class.php 第 156 行.
NOTIC: [2] Invalid argument supplied for foreach() D:\var\wwwroot\jiakao.juzhong.me\Application\Home\Controller\IndexController.class.php 第 156 行.
NOTIC: [8] Undefined index: 赛麟 D:\var\wwwroot\jiakao.juzhong.me\Application\Home\Controller\IndexController.class.php 第 164 行.
INFO: [ app_end ] --START--
INFO: Run Behavior\ShowPageTraceBehavior [ RunTime:0.000616s ]
INFO: [ app_end ] --END-- [ RunTime:0.000653s ]

[ 2015-05-25T10:53:54+08:00 ] 192.168.0.250 /home/Index/cmpFactory?id=95
INFO: [ app_init ] --START--
INFO: Run Behavior\BuildLiteBehavior [ RunTime:0.000016s ]
INFO: [ app_init ] --END-- [ RunTime:0.000582s ]
INFO: [ app_begin ] --START--
INFO: Run Behavior\ReadHtmlCacheBehavior [ RunTime:0.000827s ]
INFO: [ app_begin ] --END-- [ RunTime:0.000882s ]
INFO: [ app_end ] --START--
INFO: Run Behavior\ShowPageTraceBehavior [ RunTime:0.001087s ]
INFO: [ app_end ] --END-- [ RunTime:0.001164s ]

[ 2015-05-25T10:54:08+08:00 ] 192.168.0.250 /home/Index/cmpFactory?id=76
INFO: [ app_init ] --START--
INFO: Run Behavior\BuildLiteBehavior [ RunTime:0.000020s ]
INFO: [ app_init ] --END-- [ RunTime:0.000607s ]
INFO: [ app_begin ] --START--
INFO: Run Behavior\ReadHtmlCacheBehavior [ RunTime:0.000806s ]
INFO: [ app_begin ] --END-- [ RunTime:0.000868s ]
INFO: [ app_end ] --START--
INFO: Run Behavior\ShowPageTraceBehavior [ RunTime:0.000594s ]
INFO: [ app_end ] --END-- [ RunTime:0.000642s ]

[ 2015-05-25T10:54:17+08:00 ] 192.168.0.250 /home/Index/cmpFactory?id=86
INFO: [ app_init ] --START--
INFO: Run Behavior\BuildLiteBehavior [ RunTime:0.000028s ]
INFO: [ app_init ] --END-- [ RunTime:0.000868s ]
INFO: [ app_begin ] --START--
INFO: Run Behavior\ReadHtmlCacheBehavior [ RunTime:0.001249s ]
INFO: [ app_begin ] --END-- [ RunTime:0.001346s ]
INFO: [ app_end ] --START--
INFO: Run Behavior\ShowPageTraceBehavior [ RunTime:0.000915s ]
INFO: [ app_end ] --END-- [ RunTime:0.000989s ]

[ 2015-05-25T11:55:56+08:00 ] 192.168.0.250 /
INFO: [ app_init ] --START--
INFO: Run Behavior\BuildLiteBehavior [ RunTime:0.000023s ]
INFO: [ app_init ] --END-- [ RunTime:0.000802s ]
INFO: [ app_begin ] --START--
INFO: Run Behavior\ReadHtmlCacheBehavior [ RunTime:0.001133s ]
INFO: [ app_begin ] --END-- [ RunTime:0.001211s ]
NOTIC: [8] Undefined index: 康迪 D:\var\wwwroot\jiakao.juzhong.me\Application\Home\Controller\IndexController.class.php 第 164 行.
NOTIC: [8] Undefined index: P D:\var\wwwroot\jiakao.juzhong.me\Application\Home\Controller\IndexController.class.php 第 156 行.
NOTIC: [2] Invalid argument supplied for foreach() D:\var\wwwroot\jiakao.juzhong.me\Application\Home\Controller\IndexController.class.php 第 156 行.
NOTIC: [8] Undefined index: 赛麟 D:\var\wwwroot\jiakao.juzhong.me\Application\Home\Controller\IndexController.class.php 第 164 行.
INFO: [ app_end ] --START--
INFO: Run Behavior\ShowPageTraceBehavior [ RunTime:0.000620s ]
INFO: [ app_end ] --END-- [ RunTime:0.000657s ]

