[ 2015-06-24T14:48:29+08:00 ] 127.0.0.1 /
INFO: [ app_init ] --START--
INFO: Run Behavior\BuildLiteBehavior [ RunTime:0.000010s ]
INFO: [ app_init ] --END-- [ RunTime:0.000382s ]
INFO: [ app_begin ] --START--
INFO: Run Behavior\ReadHtmlCacheBehavior [ RunTime:0.000540s ]
INFO: [ app_begin ] --END-- [ RunTime:0.000584s ]

[ 2015-06-24T14:48:45+08:00 ] 127.0.0.1 /
INFO: [ app_init ] --START--
INFO: Run Behavior\BuildLiteBehavior [ RunTime:0.000015s ]
INFO: [ app_init ] --END-- [ RunTime:0.000555s ]
INFO: [ app_begin ] --START--
INFO: Run Behavior\ReadHtmlCacheBehavior [ RunTime:0.000853s ]
INFO: [ app_begin ] --END-- [ RunTime:0.000914s ]
ERR: Think\Controller:checkPermission方法不存在！

[ 2015-06-24T14:49:12+08:00 ] 127.0.0.1 /
INFO: [ app_init ] --START--
INFO: Run Behavior\BuildLiteBehavior [ RunTime:0.000013s ]
INFO: [ app_init ] --END-- [ RunTime:0.000417s ]
INFO: [ app_begin ] --START--
INFO: Run Behavior\ReadHtmlCacheBehavior [ RunTime:0.000630s ]
INFO: [ app_begin ] --END-- [ RunTime:0.000678s ]
NOTIC: [8] Undefined index: page D:\var\wwwroot\m.autod.cn\Application\Home\Controller\IndexController.class.php 第 19 行.
ERR: 无法加载数据库驱动: Think\Db\Driver\

[ 2015-06-24T14:49:29+08:00 ] 127.0.0.1 /
INFO: [ app_init ] --START--
INFO: Run Behavior\BuildLiteBehavior [ RunTime:0.000022s ]
INFO: [ app_init ] --END-- [ RunTime:0.000644s ]
INFO: [ app_begin ] --START--
INFO: Run Behavior\ReadHtmlCacheBehavior [ RunTime:0.000937s ]
INFO: [ app_begin ] --END-- [ RunTime:0.001002s ]
NOTIC: [8] Undefined index: page D:\var\wwwroot\m.autod.cn\Application\Home\Controller\IndexController.class.php 第 19 行.
ERR: SQLSTATE[HY000] [1045] Access denied for user 'adSlive'@'localhost' (using password: YES)
SQL: SHOW COLUMNS FROM `ad_news_choice` [ RunTime:0.0204s ]
SQL: SHOW COLUMNS FROM `ad_news_comments` [ RunTime:0.0116s ]
SQL: SHOW COLUMNS FROM `ad_news_like` [ RunTime:0.0065s ]
SQL: SHOW COLUMNS FROM `ad_news_fav` [ RunTime:0.0095s ]
SQL: SHOW COLUMNS FROM `ad_news_follow` [ RunTime:0.0076s ]
SQL: SHOW COLUMNS FROM `ad_news_source` [ RunTime:0.0085s ]
SQL: SELECT * FROM `ad_news_choice` ORDER BY rand() LIMIT 100   [ RunTime:0.0411s ]

[ 2015-06-24T14:50:38+08:00 ] 127.0.0.1 /Home/Index/news
INFO: [ app_init ] --START--
INFO: Run Behavior\BuildLiteBehavior [ RunTime:0.000010s ]
INFO: [ app_init ] --END-- [ RunTime:0.000365s ]
INFO: [ app_begin ] --START--
INFO: Run Behavior\ReadHtmlCacheBehavior [ RunTime:0.000498s ]
INFO: [ app_begin ] --END-- [ RunTime:0.000535s ]
NOTIC: [8] Undefined index: page D:\var\wwwroot\m.autod.cn\Application\Home\Controller\IndexController.class.php 第 22 行.
ERR: SQLSTATE[HY000] [1045] Access denied for user 'adSlive'@'localhost' (using password: YES)
SQL: SHOW COLUMNS FROM `ad_news_choice` [ RunTime:0.0071s ]
SQL: SHOW COLUMNS FROM `ad_news_comments` [ RunTime:0.0072s ]
SQL: SHOW COLUMNS FROM `ad_news_like` [ RunTime:0.0047s ]
SQL: SHOW COLUMNS FROM `ad_news_fav` [ RunTime:0.0205s ]
SQL: SHOW COLUMNS FROM `ad_news_follow` [ RunTime:0.0059s ]
SQL: SHOW COLUMNS FROM `ad_news_source` [ RunTime:0.0035s ]
SQL: SELECT * FROM `ad_news_choice` ORDER BY rand() LIMIT 100   [ RunTime:0.0020s ]

