[ 2015-06-19T09:49:22+08:00 ] 127.0.0.1 /API/User/registerDevice
INFO: [ app_init ] --START--
INFO: Run Behavior\BuildLiteBehavior [ RunTime:0.000104s ]
INFO: [ app_init ] --END-- [ RunTime:0.004818s ]
INFO: [ app_begin ] --START--
INFO: Run Behavior\ReadHtmlCacheBehavior [ RunTime:0.001396s ]
INFO: [ app_begin ] --END-- [ RunTime:0.001479s ]
NOTIC: [8] Undefined index: ver D:\var\wwwroot\m.autod.cn\Application\API\Controller\BaseController.class.php 第 11 行.
NOTIC: [8] Undefined index: ver D:\var\wwwroot\m.autod.cn\Application\API\Controller\BaseController.class.php 第 12 行.
ERR: SQLSTATE[HY000] [1045] Access denied for user 'adSlive'@'localhost' (using password: YES)
SQL: SHOW COLUMNS FROM `ad_user_device` [ RunTime:0.0183s ]
SQL: SHOW COLUMNS FROM `ad_user` [ RunTime:0.0038s ]
SQL: INSERT INTO `ad_user_device` (`device_id`,`device_plant`,`device_name`,`device_os`,`add_time`,`device_token`) VALUES ('dadsadsadsadsa','ios','iphone6','ios7','1434678562','dadsadsadsadsa') [ RunTime:0.0003s ]
SQL: SELECT * FROM `ad_user_device` WHERE ( reg_id = '3' ) LIMIT 1   [ RunTime:0.0210s ]
SQL: SELECT * FROM `ad_user` WHERE ( id = '0' ) LIMIT 1   [ RunTime:0.0003s ]

[ 2015-06-19T12:47:31+08:00 ] 127.0.0.1 /API/User/registerDevice
INFO: [ app_init ] --START--
INFO: Run Behavior\BuildLiteBehavior [ RunTime:0.000012s ]
INFO: [ app_init ] --END-- [ RunTime:0.003074s ]
INFO: [ app_begin ] --START--
INFO: Run Behavior\ReadHtmlCacheBehavior [ RunTime:0.006953s ]
INFO: [ app_begin ] --END-- [ RunTime:0.007011s ]

[ 2015-06-19T12:48:24+08:00 ] 127.0.0.1 /API/User/registerDevice
INFO: [ app_init ] --START--
INFO: Run Behavior\BuildLiteBehavior [ RunTime:0.000017s ]
INFO: [ app_init ] --END-- [ RunTime:0.000727s ]
INFO: [ app_begin ] --START--
INFO: Run Behavior\ReadHtmlCacheBehavior [ RunTime:0.001162s ]
INFO: [ app_begin ] --END-- [ RunTime:0.001245s ]
NOTIC: [8] Undefined index: ver D:\var\wwwroot\m.autod.cn\Application\API\Controller\BaseController.class.php 第 11 行.
NOTIC: [8] Undefined index: ver D:\var\wwwroot\m.autod.cn\Application\API\Controller\BaseController.class.php 第 12 行.

[ 2015-06-19T12:48:51+08:00 ] 127.0.0.1 /API/User/registerDevice
INFO: [ app_init ] --START--
INFO: Run Behavior\BuildLiteBehavior [ RunTime:0.000018s ]
INFO: [ app_init ] --END-- [ RunTime:0.000650s ]
INFO: [ app_begin ] --START--
INFO: Run Behavior\ReadHtmlCacheBehavior [ RunTime:0.001028s ]
INFO: [ app_begin ] --END-- [ RunTime:0.001098s ]
NOTIC: [8] Undefined index: ver D:\var\wwwroot\m.autod.cn\Application\API\Controller\BaseController.class.php 第 11 行.
NOTIC: [8] Undefined index: ver D:\var\wwwroot\m.autod.cn\Application\API\Controller\BaseController.class.php 第 12 行.

[ 2015-06-19T12:49:22+08:00 ] 127.0.0.1 /API/User/registerDevice
INFO: [ app_init ] --START--
INFO: Run Behavior\BuildLiteBehavior [ RunTime:0.000019s ]
INFO: [ app_init ] --END-- [ RunTime:0.000662s ]
INFO: [ app_begin ] --START--
INFO: Run Behavior\ReadHtmlCacheBehavior [ RunTime:0.001165s ]
INFO: [ app_begin ] --END-- [ RunTime:0.001232s ]
NOTIC: [8] Undefined index: ver D:\var\wwwroot\m.autod.cn\Application\API\Controller\BaseController.class.php 第 11 行.
NOTIC: [8] Undefined index: ver D:\var\wwwroot\m.autod.cn\Application\API\Controller\BaseController.class.php 第 12 行.
ERR: SQLSTATE[HY000] [1045] Access denied for user 'adSlive'@'localhost' (using password: YES)
SQL: SHOW COLUMNS FROM `ad_user_device` [ RunTime:0.0069s ]
SQL: SHOW COLUMNS FROM `ad_user` [ RunTime:0.0071s ]
SQL: INSERT INTO `ad_user_device` (`device_id`,`device_plant`,`device_name`,`device_os`,`add_time`,`device_token`) VALUES ('dadsadsadsadsa','ios','iphone6','ios7','1434689362','dadsadsadsadsa') [ RunTime:0.0005s ]
NOTIC: [2] Missing argument 1 for API\Model\UserModel::setSession(), called in D:\var\wwwroot\m.autod.cn\Application\API\Model\UserModel.class.php on line 28 and defined D:\var\wwwroot\m.autod.cn\Application\API\Model\UserModel.class.php 第 94 行.
NOTIC: [8] Undefined variable: reg_id D:\var\wwwroot\m.autod.cn\Application\API\Model\UserModel.class.php 第 96 行.
NOTIC: [8] Undefined variable: reg_id D:\var\wwwroot\m.autod.cn\Application\API\Model\UserModel.class.php 第 97 行.
SQL: SELECT * FROM `ad_user_device` WHERE ( reg_id = '' ) LIMIT 1   [ RunTime:0.0093s ]
SQL: SELECT * FROM `ad_user` WHERE ( id = '' ) LIMIT 1   [ RunTime:0.0004s ]

[ 2015-06-19T12:50:11+08:00 ] 127.0.0.1 /API/User/setPushToken
INFO: [ app_init ] --START--
INFO: Run Behavior\BuildLiteBehavior [ RunTime:0.000010s ]
INFO: [ app_init ] --END-- [ RunTime:0.000387s ]
INFO: [ app_begin ] --START--
INFO: Run Behavior\ReadHtmlCacheBehavior [ RunTime:0.000541s ]
INFO: [ app_begin ] --END-- [ RunTime:0.000574s ]
NOTIC: [8] Undefined index: ver D:\var\wwwroot\m.autod.cn\Application\API\Controller\BaseController.class.php 第 11 行.
NOTIC: [8] Undefined index: ver D:\var\wwwroot\m.autod.cn\Application\API\Controller\BaseController.class.php 第 12 行.

[ 2015-06-19T12:50:24+08:00 ] 127.0.0.1 /API/User/setPushToken
INFO: [ app_init ] --START--
INFO: Run Behavior\BuildLiteBehavior [ RunTime:0.000023s ]
INFO: [ app_init ] --END-- [ RunTime:0.000922s ]
INFO: [ app_begin ] --START--
INFO: Run Behavior\ReadHtmlCacheBehavior [ RunTime:0.001445s ]
INFO: [ app_begin ] --END-- [ RunTime:0.001545s ]
NOTIC: [8] Undefined index: ver D:\var\wwwroot\m.autod.cn\Application\API\Controller\BaseController.class.php 第 11 行.
NOTIC: [8] Undefined index: ver D:\var\wwwroot\m.autod.cn\Application\API\Controller\BaseController.class.php 第 12 行.

[ 2015-06-19T12:51:53+08:00 ] 127.0.0.1 /API/User/registerDevice
INFO: [ app_init ] --START--
INFO: Run Behavior\BuildLiteBehavior [ RunTime:0.000009s ]
INFO: [ app_init ] --END-- [ RunTime:0.000393s ]
INFO: [ app_begin ] --START--
INFO: Run Behavior\ReadHtmlCacheBehavior [ RunTime:0.001554s ]
INFO: [ app_begin ] --END-- [ RunTime:0.001715s ]
NOTIC: [8] Undefined index: ver D:\var\wwwroot\m.autod.cn\Application\API\Controller\BaseController.class.php 第 11 行.
NOTIC: [8] Undefined index: ver D:\var\wwwroot\m.autod.cn\Application\API\Controller\BaseController.class.php 第 12 行.
ERR: SQLSTATE[HY000] [1045] Access denied for user 'adSlive'@'localhost' (using password: YES)
SQL: SHOW COLUMNS FROM `ad_user_device` [ RunTime:0.0733s ]
SQL: SHOW COLUMNS FROM `ad_user` [ RunTime:0.0115s ]
SQL: INSERT INTO `ad_user_device` (`device_id`,`device_plant`,`device_name`,`device_os`,`add_time`,`device_token`) VALUES ('dadsadsadsadsa','ios','iphone6','ios7','1434689513','dadsadsadsadsa') [ RunTime:0.0006s ]
NOTIC: [8] Undefined variable: uid D:\var\wwwroot\m.autod.cn\Application\API\Controller\UserController.class.php 第 58 行.

[ 2015-06-19T12:52:18+08:00 ] 127.0.0.1 /API/User/registerDevice
INFO: [ app_init ] --START--
INFO: Run Behavior\BuildLiteBehavior [ RunTime:0.000034s ]
INFO: [ app_init ] --END-- [ RunTime:0.001243s ]
INFO: [ app_begin ] --START--
INFO: Run Behavior\ReadHtmlCacheBehavior [ RunTime:0.003234s ]
INFO: [ app_begin ] --END-- [ RunTime:0.003506s ]
NOTIC: [8] Undefined index: ver D:\var\wwwroot\m.autod.cn\Application\API\Controller\BaseController.class.php 第 11 行.
NOTIC: [8] Undefined index: ver D:\var\wwwroot\m.autod.cn\Application\API\Controller\BaseController.class.php 第 12 行.
ERR: SQLSTATE[HY000] [1045] Access denied for user 'adSlive'@'localhost' (using password: YES)
SQL: SHOW COLUMNS FROM `ad_user_device` [ RunTime:0.0145s ]
SQL: SHOW COLUMNS FROM `ad_user` [ RunTime:0.0076s ]
SQL: INSERT INTO `ad_user_device` (`device_id`,`device_plant`,`device_name`,`device_os`,`add_time`,`device_token`) VALUES ('dadsadsadsadsa','ios','iphone6','ios7','1434689538','dadsadsadsadsa') [ RunTime:0.0005s ]
NOTIC: [8] Undefined variable: uid D:\var\wwwroot\m.autod.cn\Application\API\Controller\UserController.class.php 第 58 行.

[ 2015-06-19T12:52:28+08:00 ] 127.0.0.1 /API/User/registerDevice
INFO: [ app_init ] --START--
INFO: Run Behavior\BuildLiteBehavior [ RunTime:0.000020s ]
INFO: [ app_init ] --END-- [ RunTime:0.000734s ]
INFO: [ app_begin ] --START--
INFO: Run Behavior\ReadHtmlCacheBehavior [ RunTime:0.001164s ]
INFO: [ app_begin ] --END-- [ RunTime:0.001243s ]
NOTIC: [8] Undefined index: ver D:\var\wwwroot\m.autod.cn\Application\API\Controller\BaseController.class.php 第 11 行.
NOTIC: [8] Undefined index: ver D:\var\wwwroot\m.autod.cn\Application\API\Controller\BaseController.class.php 第 12 行.
ERR: SQLSTATE[HY000] [1045] Access denied for user 'adSlive'@'localhost' (using password: YES)
SQL: SHOW COLUMNS FROM `ad_user_device` [ RunTime:0.0048s ]
SQL: SHOW COLUMNS FROM `ad_user` [ RunTime:0.0042s ]
SQL: INSERT INTO `ad_user_device` (`device_id`,`device_plant`,`device_name`,`device_os`,`add_time`,`device_token`) VALUES ('dadsadsadsadsa','ios','iphone6','ios7','1434689548','dadsadsadsadsa') [ RunTime:0.0003s ]
SQL: SELECT * FROM `ad_user_device` WHERE ( reg_id = '2' ) LIMIT 1   [ RunTime:0.0003s ]
SQL: SELECT * FROM `ad_user` WHERE ( id = '0' ) LIMIT 1   [ RunTime:0.0002s ]

[ 2015-06-19T12:52:48+08:00 ] 127.0.0.1 /API/User/registerDevice
INFO: [ app_init ] --START--
INFO: Run Behavior\BuildLiteBehavior [ RunTime:0.000020s ]
INFO: [ app_init ] --END-- [ RunTime:0.000744s ]
INFO: [ app_begin ] --START--
INFO: Run Behavior\ReadHtmlCacheBehavior [ RunTime:0.001180s ]
INFO: [ app_begin ] --END-- [ RunTime:0.001256s ]
NOTIC: [8] Undefined index: ver D:\var\wwwroot\m.autod.cn\Application\API\Controller\BaseController.class.php 第 11 行.
NOTIC: [8] Undefined index: ver D:\var\wwwroot\m.autod.cn\Application\API\Controller\BaseController.class.php 第 12 行.
ERR: SQLSTATE[HY000] [1045] Access denied for user 'adSlive'@'localhost' (using password: YES)
SQL: SHOW COLUMNS FROM `ad_user_device` [ RunTime:0.0049s ]
SQL: SHOW COLUMNS FROM `ad_user` [ RunTime:0.0039s ]
SQL: INSERT INTO `ad_user_device` (`device_id`,`device_plant`,`device_name`,`device_os`,`add_time`,`device_token`) VALUES ('dadsadsadsadsa','ios','iphone6','ios7','1434689568','dadsadsadsadsa') [ RunTime:0.0003s ]
SQL: SELECT * FROM `ad_user_device` WHERE ( reg_id = '3' ) LIMIT 1   [ RunTime:0.0003s ]
SQL: SELECT * FROM `ad_user` WHERE ( id = '0' ) LIMIT 1   [ RunTime:0.0002s ]

[ 2015-06-19T12:52:57+08:00 ] 127.0.0.1 /API/User/setPushToken
INFO: [ app_init ] --START--
INFO: Run Behavior\BuildLiteBehavior [ RunTime:0.000008s ]
INFO: [ app_init ] --END-- [ RunTime:0.000347s ]
INFO: [ app_begin ] --START--
INFO: Run Behavior\ReadHtmlCacheBehavior [ RunTime:0.000552s ]
INFO: [ app_begin ] --END-- [ RunTime:0.000601s ]
NOTIC: [8] Undefined index: ver D:\var\wwwroot\m.autod.cn\Application\API\Controller\BaseController.class.php 第 11 行.
NOTIC: [8] Undefined index: ver D:\var\wwwroot\m.autod.cn\Application\API\Controller\BaseController.class.php 第 12 行.
ERR: SQLSTATE[HY000] [1045] Access denied for user 'adSlive'@'localhost' (using password: YES)
SQL: SHOW COLUMNS FROM `ad_user_device` [ RunTime:0.0040s ]
SQL: SHOW COLUMNS FROM `ad_user` [ RunTime:0.0032s ]
NOTIC: [2] Invalid argument supplied for foreach() D:\var\wwwroot\m.autod.cn\ThinkPHP\Library\Think\Model.class.php 第 267 行.
NOTIC: [2] Invalid argument supplied for foreach() D:\var\wwwroot\m.autod.cn\ThinkPHP\Library\Think\Db\Driver.class.php 第 791 行.
SQL: INSERT INTO `ad_user_device` () VALUES () [ RunTime:0.0012s ]
NOTIC: [2] Illegal string offset 'reg_id' D:\var\wwwroot\m.autod.cn\ThinkPHP\Library\Think\Model.class.php 第 328 行.

[ 2015-06-19T12:53:03+08:00 ] 127.0.0.1 /API/User/setPushToken
INFO: [ app_init ] --START--
INFO: Run Behavior\BuildLiteBehavior [ RunTime:0.000013s ]
INFO: [ app_init ] --END-- [ RunTime:0.000734s ]
INFO: [ app_begin ] --START--
INFO: Run Behavior\ReadHtmlCacheBehavior [ RunTime:0.000571s ]
INFO: [ app_begin ] --END-- [ RunTime:0.000619s ]
NOTIC: [8] Undefined index: ver D:\var\wwwroot\m.autod.cn\Application\API\Controller\BaseController.class.php 第 11 行.
NOTIC: [8] Undefined index: ver D:\var\wwwroot\m.autod.cn\Application\API\Controller\BaseController.class.php 第 12 行.
ERR: SQLSTATE[HY000] [1045] Access denied for user 'adSlive'@'localhost' (using password: YES)
SQL: SHOW COLUMNS FROM `ad_user_device` [ RunTime:0.0040s ]
SQL: SHOW COLUMNS FROM `ad_user` [ RunTime:0.0034s ]
NOTIC: [2] Invalid argument supplied for foreach() D:\var\wwwroot\m.autod.cn\ThinkPHP\Library\Think\Model.class.php 第 267 行.
NOTIC: [2] Invalid argument supplied for foreach() D:\var\wwwroot\m.autod.cn\ThinkPHP\Library\Think\Db\Driver.class.php 第 791 行.
SQL: INSERT INTO `ad_user_device` () VALUES () [ RunTime:0.0002s ]
NOTIC: [2] Illegal string offset 'reg_id' D:\var\wwwroot\m.autod.cn\ThinkPHP\Library\Think\Model.class.php 第 328 行.

[ 2015-06-19T12:54:39+08:00 ] 127.0.0.1 /API/User/setPushToken
INFO: [ app_init ] --START--
INFO: Run Behavior\BuildLiteBehavior [ RunTime:0.000020s ]
INFO: [ app_init ] --END-- [ RunTime:0.000747s ]
INFO: [ app_begin ] --START--
INFO: Run Behavior\ReadHtmlCacheBehavior [ RunTime:0.001170s ]
INFO: [ app_begin ] --END-- [ RunTime:0.001250s ]
NOTIC: [8] Undefined index: ver D:\var\wwwroot\m.autod.cn\Application\API\Controller\BaseController.class.php 第 11 行.
NOTIC: [8] Undefined index: ver D:\var\wwwroot\m.autod.cn\Application\API\Controller\BaseController.class.php 第 12 行.
ERR: SQLSTATE[HY000] [1045] Access denied for user 'adSlive'@'localhost' (using password: YES)
SQL: SHOW COLUMNS FROM `ad_user_device` [ RunTime:0.0087s ]
SQL: SHOW COLUMNS FROM `ad_user` [ RunTime:0.0058s ]
SQL: UPDATE `ad_user_device` SET `device_token`='token' WHERE ( reg_id = 3 ) [ RunTime:0.0003s ]

[ 2015-06-19T12:55:35+08:00 ] 127.0.0.1 /API/User/reconnect
INFO: [ app_init ] --START--
INFO: Run Behavior\BuildLiteBehavior [ RunTime:0.000010s ]
INFO: [ app_init ] --END-- [ RunTime:0.000376s ]
INFO: [ app_begin ] --START--
INFO: Run Behavior\ReadHtmlCacheBehavior [ RunTime:0.000547s ]
INFO: [ app_begin ] --END-- [ RunTime:0.000581s ]
NOTIC: [8] Undefined index: ver D:\var\wwwroot\m.autod.cn\Application\API\Controller\BaseController.class.php 第 11 行.
NOTIC: [8] Undefined index: ver D:\var\wwwroot\m.autod.cn\Application\API\Controller\BaseController.class.php 第 12 行.
NOTIC: [8] Undefined index: reg_id D:\var\wwwroot\m.autod.cn\Application\API\Controller\UserController.class.php 第 111 行.
ERR: SQLSTATE[HY000] [1045] Access denied for user 'adSlive'@'localhost' (using password: YES)
SQL: SHOW COLUMNS FROM `ad_user_device` [ RunTime:0.1187s ]
SQL: SHOW COLUMNS FROM `ad_user` [ RunTime:0.0080s ]
SQL: SELECT * FROM `ad_user_device` WHERE ( reg_id = '4' ) LIMIT 1   [ RunTime:0.0007s ]
SQL: SELECT * FROM `ad_user` WHERE ( id = '0' ) LIMIT 1   [ RunTime:0.0006s ]
INFO: [ app_end ] --START--
INFO: Run Behavior\ShowPageTraceBehavior [ RunTime:0.021363s ]
INFO: [ app_end ] --END-- [ RunTime:0.021470s ]

[ 2015-06-19T12:56:23+08:00 ] 127.0.0.1 /API/User/logout
INFO: [ app_init ] --START--
INFO: Run Behavior\BuildLiteBehavior [ RunTime:0.000010s ]
INFO: [ app_init ] --END-- [ RunTime:0.000352s ]
INFO: [ app_begin ] --START--
INFO: Run Behavior\ReadHtmlCacheBehavior [ RunTime:0.000501s ]
INFO: [ app_begin ] --END-- [ RunTime:0.000545s ]
NOTIC: [8] Undefined index: ver D:\var\wwwroot\m.autod.cn\Application\API\Controller\BaseController.class.php 第 11 行.
NOTIC: [8] Undefined index: ver D:\var\wwwroot\m.autod.cn\Application\API\Controller\BaseController.class.php 第 12 行.
ERR: SQLSTATE[HY000] [1045] Access denied for user 'adSlive'@'localhost' (using password: YES)
SQL: SHOW COLUMNS FROM `ad_user_device` [ RunTime:0.0042s ]
SQL: SHOW COLUMNS FROM `ad_user` [ RunTime:0.0078s ]
SQL: UPDATE `ad_user_device` SET `uid`='0' WHERE ( reg_id = '4' ) [ RunTime:0.0003s ]
SQL: SELECT * FROM `ad_user_device` WHERE ( reg_id = '4' ) LIMIT 1   [ RunTime:0.0002s ]
SQL: SELECT * FROM `ad_user` WHERE ( id = '0' ) LIMIT 1   [ RunTime:0.0002s ]
NOTIC: [8] Undefined variable: info D:\var\wwwroot\m.autod.cn\Application\API\Controller\UserController.class.php 第 180 行.
INFO: [ app_end ] --START--
INFO: Run Behavior\ShowPageTraceBehavior [ RunTime:0.000672s ]
INFO: [ app_end ] --END-- [ RunTime:0.000704s ]

[ 2015-06-19T12:56:39+08:00 ] 127.0.0.1 /API/User/logout
INFO: [ app_init ] --START--
INFO: Run Behavior\BuildLiteBehavior [ RunTime:0.000010s ]
INFO: [ app_init ] --END-- [ RunTime:0.000375s ]
INFO: [ app_begin ] --START--
INFO: Run Behavior\ReadHtmlCacheBehavior [ RunTime:0.000544s ]
INFO: [ app_begin ] --END-- [ RunTime:0.000582s ]
NOTIC: [8] Undefined index: ver D:\var\wwwroot\m.autod.cn\Application\API\Controller\BaseController.class.php 第 11 行.
NOTIC: [8] Undefined index: ver D:\var\wwwroot\m.autod.cn\Application\API\Controller\BaseController.class.php 第 12 行.
ERR: SQLSTATE[HY000] [1045] Access denied for user 'adSlive'@'localhost' (using password: YES)
SQL: SHOW COLUMNS FROM `ad_user_device` [ RunTime:0.0078s ]
SQL: SHOW COLUMNS FROM `ad_user` [ RunTime:0.0033s ]
SQL: UPDATE `ad_user_device` SET `uid`='0' WHERE ( reg_id = '4' ) [ RunTime:0.0010s ]
SQL: SELECT * FROM `ad_user_device` WHERE ( reg_id = '4' ) LIMIT 1   [ RunTime:0.0007s ]
SQL: SELECT * FROM `ad_user` WHERE ( id = '0' ) LIMIT 1   [ RunTime:0.0002s ]
NOTIC: [8] Undefined variable: info D:\var\wwwroot\m.autod.cn\Application\API\Controller\UserController.class.php 第 180 行.
INFO: [ app_end ] --START--
INFO: Run Behavior\ShowPageTraceBehavior [ RunTime:0.000695s ]
INFO: [ app_end ] --END-- [ RunTime:0.000726s ]

[ 2015-06-19T12:56:54+08:00 ] 127.0.0.1 /API/User/logout
INFO: [ app_init ] --START--
INFO: Run Behavior\BuildLiteBehavior [ RunTime:0.000015s ]
INFO: [ app_init ] --END-- [ RunTime:0.000605s ]
INFO: [ app_begin ] --START--
INFO: Run Behavior\ReadHtmlCacheBehavior [ RunTime:0.000938s ]
INFO: [ app_begin ] --END-- [ RunTime:0.001000s ]
NOTIC: [8] Undefined index: ver D:\var\wwwroot\m.autod.cn\Application\API\Controller\BaseController.class.php 第 11 行.
NOTIC: [8] Undefined index: ver D:\var\wwwroot\m.autod.cn\Application\API\Controller\BaseController.class.php 第 12 行.
ERR: SQLSTATE[HY000] [1045] Access denied for user 'adSlive'@'localhost' (using password: YES)
SQL: SHOW COLUMNS FROM `ad_user_device` [ RunTime:0.0070s ]
SQL: SHOW COLUMNS FROM `ad_user` [ RunTime:0.0033s ]
SQL: UPDATE `ad_user_device` SET `uid`='0' WHERE ( reg_id = '4' ) [ RunTime:0.0009s ]
SQL: SELECT * FROM `ad_user_device` WHERE ( reg_id = '4' ) LIMIT 1   [ RunTime:0.0006s ]
SQL: SELECT * FROM `ad_user` WHERE ( id = '0' ) LIMIT 1   [ RunTime:0.0002s ]
NOTIC: [8] Undefined variable: info D:\var\wwwroot\m.autod.cn\Application\API\Controller\UserController.class.php 第 180 行.

[ 2015-06-19T12:57:57+08:00 ] 127.0.0.1 /API/User/logout
INFO: [ app_init ] --START--
INFO: Run Behavior\BuildLiteBehavior [ RunTime:0.000016s ]
INFO: [ app_init ] --END-- [ RunTime:0.000623s ]
INFO: [ app_begin ] --START--
INFO: Run Behavior\ReadHtmlCacheBehavior [ RunTime:0.000965s ]
INFO: [ app_begin ] --END-- [ RunTime:0.001033s ]
NOTIC: [8] Undefined index: ver D:\var\wwwroot\m.autod.cn\Application\API\Controller\BaseController.class.php 第 11 行.
NOTIC: [8] Undefined index: ver D:\var\wwwroot\m.autod.cn\Application\API\Controller\BaseController.class.php 第 12 行.
ERR: SQLSTATE[HY000] [1045] Access denied for user 'adSlive'@'localhost' (using password: YES)
SQL: SHOW COLUMNS FROM `ad_user_device` [ RunTime:0.0162s ]
SQL: SHOW COLUMNS FROM `ad_user` [ RunTime:0.0050s ]
SQL: UPDATE `ad_user_device` SET `uid`='0' WHERE ( reg_id = '4' ) [ RunTime:0.0003s ]
SQL: SELECT * FROM `ad_user_device` WHERE ( reg_id = '4' ) LIMIT 1   [ RunTime:0.0002s ]
SQL: SELECT * FROM `ad_user` WHERE ( id = '0' ) LIMIT 1   [ RunTime:0.0002s ]

[ 2015-06-19T13:46:24+08:00 ] 127.0.0.1 /API/User/registerDevice
INFO: [ app_init ] --START--
INFO: Run Behavior\BuildLiteBehavior [ RunTime:0.000009s ]
INFO: [ app_init ] --END-- [ RunTime:0.000324s ]
INFO: [ app_begin ] --START--
INFO: Run Behavior\ReadHtmlCacheBehavior [ RunTime:0.000506s ]
INFO: [ app_begin ] --END-- [ RunTime:0.000553s ]
NOTIC: [8] Undefined index: ver D:\var\wwwroot\m.autod.cn\Application\API\Controller\BaseController.class.php 第 11 行.
NOTIC: [8] Undefined index: ver D:\var\wwwroot\m.autod.cn\Application\API\Controller\BaseController.class.php 第 12 行.

[ 2015-06-19T16:37:03+08:00 ] 127.0.0.1 /API/User/
INFO: [ app_init ] --START--
INFO: Run Behavior\BuildLiteBehavior [ RunTime:0.000022s ]
INFO: [ app_init ] --END-- [ RunTime:0.001406s ]
INFO: [ app_begin ] --START--
INFO: Run Behavior\ReadHtmlCacheBehavior [ RunTime:0.001441s ]
INFO: [ app_begin ] --END-- [ RunTime:0.001523s ]
NOTIC: [8] Undefined index: ver D:\var\wwwroot\m.autod.cn\Application\API\Controller\BaseController.class.php 第 11 行.
NOTIC: [8] Undefined index: ver D:\var\wwwroot\m.autod.cn\Application\API\Controller\BaseController.class.php 第 12 行.
INFO: [ app_end ] --START--
INFO: Run Behavior\ShowPageTraceBehavior [ RunTime:0.001525s ]
INFO: [ app_end ] --END-- [ RunTime:0.001601s ]

[ 2015-06-19T16:37:11+08:00 ] 127.0.0.1 /API/User/
INFO: [ app_init ] --START--
INFO: Run Behavior\BuildLiteBehavior [ RunTime:0.000056s ]
INFO: [ app_init ] --END-- [ RunTime:0.001123s ]
INFO: [ app_begin ] --START--
INFO: Run Behavior\ReadHtmlCacheBehavior [ RunTime:0.001598s ]
INFO: [ app_begin ] --END-- [ RunTime:0.001771s ]
NOTIC: [8] Undefined index: ver D:\var\wwwroot\m.autod.cn\Application\API\Controller\BaseController.class.php 第 11 行.
NOTIC: [8] Undefined index: ver D:\var\wwwroot\m.autod.cn\Application\API\Controller\BaseController.class.php 第 12 行.
INFO: [ app_end ] --START--
INFO: Run Behavior\ShowPageTraceBehavior [ RunTime:0.000611s ]
INFO: [ app_end ] --END-- [ RunTime:0.000643s ]

[ 2015-06-19T16:37:20+08:00 ] 127.0.0.1 /API/User/
INFO: [ app_init ] --START--
INFO: Run Behavior\BuildLiteBehavior [ RunTime:0.000022s ]
INFO: [ app_init ] --END-- [ RunTime:0.000800s ]
INFO: [ app_begin ] --START--
INFO: Run Behavior\ReadHtmlCacheBehavior [ RunTime:0.001292s ]
INFO: [ app_begin ] --END-- [ RunTime:0.001384s ]
NOTIC: [8] Undefined index: ver D:\var\wwwroot\m.autod.cn\Application\API\Controller\BaseController.class.php 第 11 行.
NOTIC: [8] Undefined index: ver D:\var\wwwroot\m.autod.cn\Application\API\Controller\BaseController.class.php 第 12 行.
INFO: [ app_end ] --START--
INFO: Run Behavior\ShowPageTraceBehavior [ RunTime:0.001414s ]
INFO: [ app_end ] --END-- [ RunTime:0.001498s ]

[ 2015-06-19T16:37:34+08:00 ] 127.0.0.1 /API/User/
INFO: [ app_init ] --START--
INFO: Run Behavior\BuildLiteBehavior [ RunTime:0.000021s ]
INFO: [ app_init ] --END-- [ RunTime:0.000776s ]
INFO: [ app_begin ] --START--
INFO: Run Behavior\ReadHtmlCacheBehavior [ RunTime:0.001630s ]
INFO: [ app_begin ] --END-- [ RunTime:0.001795s ]
NOTIC: [8] Undefined index: ver D:\var\wwwroot\m.autod.cn\Application\API\Controller\BaseController.class.php 第 11 行.
NOTIC: [8] Undefined index: ver D:\var\wwwroot\m.autod.cn\Application\API\Controller\BaseController.class.php 第 12 行.
INFO: [ app_end ] --START--
INFO: Run Behavior\ShowPageTraceBehavior [ RunTime:0.001188s ]
INFO: [ app_end ] --END-- [ RunTime:0.001262s ]

[ 2015-06-19T16:38:34+08:00 ] 127.0.0.1 /API/User/
INFO: [ app_init ] --START--
INFO: Run Behavior\BuildLiteBehavior [ RunTime:0.000018s ]
INFO: [ app_init ] --END-- [ RunTime:0.000717s ]
INFO: [ app_begin ] --START--
INFO: Run Behavior\ReadHtmlCacheBehavior [ RunTime:0.001052s ]
INFO: [ app_begin ] --END-- [ RunTime:0.001120s ]
NOTIC: [8] Undefined index: ver D:\var\wwwroot\m.autod.cn\Application\API\Controller\BaseController.class.php 第 11 行.
NOTIC: [8] Undefined index: ver D:\var\wwwroot\m.autod.cn\Application\API\Controller\BaseController.class.php 第 12 行.
INFO: [ app_end ] --START--
INFO: Run Behavior\ShowPageTraceBehavior [ RunTime:0.001080s ]
INFO: [ app_end ] --END-- [ RunTime:0.001141s ]

[ 2015-06-19T16:39:15+08:00 ] 127.0.0.1 /API/User/
INFO: [ app_init ] --START--
INFO: Run Behavior\BuildLiteBehavior [ RunTime:0.000010s ]
INFO: [ app_init ] --END-- [ RunTime:0.000380s ]
INFO: [ app_begin ] --START--
INFO: Run Behavior\ReadHtmlCacheBehavior [ RunTime:0.000538s ]
INFO: [ app_begin ] --END-- [ RunTime:0.000576s ]
NOTIC: [8] Undefined index: ver D:\var\wwwroot\m.autod.cn\Application\API\Controller\BaseController.class.php 第 11 行.
NOTIC: [8] Undefined index: ver D:\var\wwwroot\m.autod.cn\Application\API\Controller\BaseController.class.php 第 12 行.
INFO: [ app_end ] --START--
INFO: Run Behavior\ShowPageTraceBehavior [ RunTime:0.000558s ]
INFO: [ app_end ] --END-- [ RunTime:0.000591s ]

[ 2015-06-19T17:09:23+08:00 ] 127.0.0.1 /API/User/
INFO: [ app_init ] --START--
INFO: Run Behavior\BuildLiteBehavior [ RunTime:0.000016s ]
INFO: [ app_init ] --END-- [ RunTime:0.000792s ]
INFO: [ app_begin ] --START--
INFO: Run Behavior\ReadHtmlCacheBehavior [ RunTime:0.001069s ]
INFO: [ app_begin ] --END-- [ RunTime:0.001168s ]
NOTIC: [8] Undefined index: ver D:\var\wwwroot\m.autod.cn\Application\API\Controller\BaseController.class.php 第 11 行.
NOTIC: [8] Undefined index: ver D:\var\wwwroot\m.autod.cn\Application\API\Controller\BaseController.class.php 第 12 行.
INFO: [ app_end ] --START--
INFO: Run Behavior\ShowPageTraceBehavior [ RunTime:0.003218s ]
INFO: [ app_end ] --END-- [ RunTime:0.003420s ]

[ 2015-06-19T17:09:25+08:00 ] 127.0.0.1 /API/User/
INFO: [ app_init ] --START--
INFO: Run Behavior\BuildLiteBehavior [ RunTime:0.000039s ]
INFO: [ app_init ] --END-- [ RunTime:0.000985s ]
INFO: [ app_begin ] --START--
INFO: Run Behavior\ReadHtmlCacheBehavior [ RunTime:0.000768s ]
INFO: [ app_begin ] --END-- [ RunTime:0.000814s ]
NOTIC: [8] Undefined index: ver D:\var\wwwroot\m.autod.cn\Application\API\Controller\BaseController.class.php 第 11 行.
NOTIC: [8] Undefined index: ver D:\var\wwwroot\m.autod.cn\Application\API\Controller\BaseController.class.php 第 12 行.
INFO: [ app_end ] --START--
INFO: Run Behavior\ShowPageTraceBehavior [ RunTime:0.003072s ]
INFO: [ app_end ] --END-- [ RunTime:0.003278s ]

[ 2015-06-19T17:11:29+08:00 ] 127.0.0.1 /API/User/
INFO: [ app_init ] --START--
INFO: Run Behavior\BuildLiteBehavior [ RunTime:0.000016s ]
INFO: [ app_init ] --END-- [ RunTime:0.000605s ]
INFO: [ app_begin ] --START--
INFO: Run Behavior\ReadHtmlCacheBehavior [ RunTime:0.001122s ]
INFO: [ app_begin ] --END-- [ RunTime:0.001208s ]
NOTIC: [8] Undefined index: ver D:\var\wwwroot\m.autod.cn\Application\API\Controller\BaseController.class.php 第 11 行.
NOTIC: [8] Undefined index: ver D:\var\wwwroot\m.autod.cn\Application\API\Controller\BaseController.class.php 第 12 行.
INFO: [ app_end ] --START--
INFO: Run Behavior\ShowPageTraceBehavior [ RunTime:0.001376s ]
INFO: [ app_end ] --END-- [ RunTime:0.001471s ]

[ 2015-06-19T17:30:52+08:00 ] 127.0.0.1 /API/User/
INFO: [ app_init ] --START--
INFO: Run Behavior\BuildLiteBehavior [ RunTime:0.000020s ]
INFO: [ app_init ] --END-- [ RunTime:0.000740s ]
INFO: [ app_begin ] --START--
INFO: Run Behavior\ReadHtmlCacheBehavior [ RunTime:0.001166s ]
INFO: [ app_begin ] --END-- [ RunTime:0.001239s ]
NOTIC: [8] Undefined index: ver D:\var\wwwroot\m.autod.cn\Application\API\Controller\BaseController.class.php 第 11 行.
NOTIC: [8] Undefined index: ver D:\var\wwwroot\m.autod.cn\Application\API\Controller\BaseController.class.php 第 12 行.
INFO: [ app_end ] --START--
INFO: Run Behavior\ShowPageTraceBehavior [ RunTime:0.000749s ]
INFO: [ app_end ] --END-- [ RunTime:0.000797s ]

