[ 2015-06-25T09:07:15+08:00 ] 127.0.0.1 /API/News/post?sessionId=56gi0ujo1is8f8lvkjc0totdh1
INFO: [ app_init ] --START--
INFO: Run Behavior\BuildLiteBehavior [ RunTime:0.000011s ]
INFO: [ app_init ] --END-- [ RunTime:0.000513s ]
INFO: [ app_begin ] --START--
INFO: Run Behavior\ReadHtmlCacheBehavior [ RunTime:0.000604s ]
INFO: [ app_begin ] --END-- [ RunTime:0.000671s ]
NOTIC: [8] Undefined index: ver D:\var\wwwroot\m.autod.cn\Application\API\Controller\BaseController.class.php 第 14 行.
NOTIC: [8] Undefined index: ver D:\var\wwwroot\m.autod.cn\Application\API\Controller\BaseController.class.php 第 15 行.

[ 2015-06-25T09:08:05+08:00 ] 127.0.0.1 /API/News/post?sessionId=56gi0ujo1is8f8lvkjc0totdh1
INFO: [ app_init ] --START--
INFO: Run Behavior\BuildLiteBehavior [ RunTime:0.000021s ]
INFO: [ app_init ] --END-- [ RunTime:0.000712s ]
INFO: [ app_begin ] --START--
INFO: Run Behavior\ReadHtmlCacheBehavior [ RunTime:0.000905s ]
INFO: [ app_begin ] --END-- [ RunTime:0.001037s ]
NOTIC: [8] Undefined index: ver D:\var\wwwroot\m.autod.cn\Application\API\Controller\BaseController.class.php 第 14 行.
NOTIC: [8] Undefined index: ver D:\var\wwwroot\m.autod.cn\Application\API\Controller\BaseController.class.php 第 15 行.

[ 2015-06-25T09:08:39+08:00 ] 127.0.0.1 /API/News/post?sessionId=56gi0ujo1is8f8lvkjc0totdh1
INFO: [ app_init ] --START--
INFO: Run Behavior\BuildLiteBehavior [ RunTime:0.000018s ]
INFO: [ app_init ] --END-- [ RunTime:0.000609s ]
INFO: [ app_begin ] --START--
INFO: Run Behavior\ReadHtmlCacheBehavior [ RunTime:0.000721s ]
INFO: [ app_begin ] --END-- [ RunTime:0.000792s ]
NOTIC: [8] Undefined index: ver D:\var\wwwroot\m.autod.cn\Application\API\Controller\BaseController.class.php 第 14 行.
NOTIC: [8] Undefined index: ver D:\var\wwwroot\m.autod.cn\Application\API\Controller\BaseController.class.php 第 15 行.

[ 2015-06-25T09:12:41+08:00 ] 127.0.0.1 /API/News/post?sessionId=56gi0ujo1is8f8lvkjc0totdh1
INFO: [ app_init ] --START--
INFO: Run Behavior\BuildLiteBehavior [ RunTime:0.000012s ]
INFO: [ app_init ] --END-- [ RunTime:0.000475s ]
INFO: [ app_begin ] --START--
INFO: Run Behavior\ReadHtmlCacheBehavior [ RunTime:0.000643s ]
INFO: [ app_begin ] --END-- [ RunTime:0.000707s ]
NOTIC: [8] Undefined index: ver D:\var\wwwroot\m.autod.cn\Application\API\Controller\BaseController.class.php 第 14 行.
NOTIC: [8] Undefined index: ver D:\var\wwwroot\m.autod.cn\Application\API\Controller\BaseController.class.php 第 15 行.

[ 2015-06-25T09:12:58+08:00 ] 127.0.0.1 /API/News/post?sessionId=56gi0ujo1is8f8lvkjc0totdh1
INFO: [ app_init ] --START--
INFO: Run Behavior\BuildLiteBehavior [ RunTime:0.000018s ]
INFO: [ app_init ] --END-- [ RunTime:0.000608s ]
INFO: [ app_begin ] --START--
INFO: Run Behavior\ReadHtmlCacheBehavior [ RunTime:0.000735s ]
INFO: [ app_begin ] --END-- [ RunTime:0.000805s ]
NOTIC: [8] Undefined index: ver D:\var\wwwroot\m.autod.cn\Application\API\Controller\BaseController.class.php 第 14 行.
NOTIC: [8] Undefined index: ver D:\var\wwwroot\m.autod.cn\Application\API\Controller\BaseController.class.php 第 15 行.

[ 2015-06-25T09:15:51+08:00 ] 127.0.0.1 /API/User/registerDevice
INFO: [ app_init ] --START--
INFO: Run Behavior\BuildLiteBehavior [ RunTime:0.000011s ]
INFO: [ app_init ] --END-- [ RunTime:0.000398s ]
INFO: [ app_begin ] --START--
INFO: Run Behavior\ReadHtmlCacheBehavior [ RunTime:0.000600s ]
INFO: [ app_begin ] --END-- [ RunTime:0.000657s ]
NOTIC: [8] Undefined index: ver D:\var\wwwroot\m.autod.cn\Application\API\Controller\BaseController.class.php 第 14 行.
NOTIC: [8] Undefined index: ver D:\var\wwwroot\m.autod.cn\Application\API\Controller\BaseController.class.php 第 15 行.

[ 2015-06-25T09:16:15+08:00 ] 127.0.0.1 /API/User/registerDevice
INFO: [ app_init ] --START--
INFO: Run Behavior\BuildLiteBehavior [ RunTime:0.000017s ]
INFO: [ app_init ] --END-- [ RunTime:0.000603s ]
INFO: [ app_begin ] --START--
INFO: Run Behavior\ReadHtmlCacheBehavior [ RunTime:0.000732s ]
INFO: [ app_begin ] --END-- [ RunTime:0.000870s ]
NOTIC: [8] Undefined index: ver D:\var\wwwroot\m.autod.cn\Application\API\Controller\BaseController.class.php 第 14 行.
NOTIC: [8] Undefined index: ver D:\var\wwwroot\m.autod.cn\Application\API\Controller\BaseController.class.php 第 15 行.

[ 2015-06-25T09:16:44+08:00 ] 127.0.0.1 /API/User/registerDevice
INFO: [ app_init ] --START--
INFO: Run Behavior\BuildLiteBehavior [ RunTime:0.000015s ]
INFO: [ app_init ] --END-- [ RunTime:0.000481s ]
INFO: [ app_begin ] --START--
INFO: Run Behavior\ReadHtmlCacheBehavior [ RunTime:0.000639s ]
INFO: [ app_begin ] --END-- [ RunTime:0.000706s ]
NOTIC: [8] Undefined index: ver D:\var\wwwroot\m.autod.cn\Application\API\Controller\BaseController.class.php 第 14 行.
NOTIC: [8] Undefined index: ver D:\var\wwwroot\m.autod.cn\Application\API\Controller\BaseController.class.php 第 15 行.

[ 2015-06-25T09:16:55+08:00 ] 127.0.0.1 /API/User/registerDevice
INFO: [ app_init ] --START--
INFO: Run Behavior\BuildLiteBehavior [ RunTime:0.000015s ]
INFO: [ app_init ] --END-- [ RunTime:0.000563s ]
INFO: [ app_begin ] --START--
INFO: Run Behavior\ReadHtmlCacheBehavior [ RunTime:0.001361s ]
INFO: [ app_begin ] --END-- [ RunTime:0.001538s ]
NOTIC: [8] Undefined index: ver D:\var\wwwroot\m.autod.cn\Application\API\Controller\BaseController.class.php 第 14 行.
NOTIC: [8] Undefined index: ver D:\var\wwwroot\m.autod.cn\Application\API\Controller\BaseController.class.php 第 15 行.

[ 2015-06-25T09:17:08+08:00 ] 127.0.0.1 /API/User/registerDevice
INFO: [ app_init ] --START--
INFO: Run Behavior\BuildLiteBehavior [ RunTime:0.000024s ]
INFO: [ app_init ] --END-- [ RunTime:0.000936s ]
INFO: [ app_begin ] --START--
INFO: Run Behavior\ReadHtmlCacheBehavior [ RunTime:0.000605s ]
INFO: [ app_begin ] --END-- [ RunTime:0.000673s ]
NOTIC: [8] Undefined index: ver D:\var\wwwroot\m.autod.cn\Application\API\Controller\BaseController.class.php 第 14 行.
NOTIC: [8] Undefined index: ver D:\var\wwwroot\m.autod.cn\Application\API\Controller\BaseController.class.php 第 15 行.

[ 2015-06-25T09:19:54+08:00 ] 127.0.0.1 /API/User/registerDevice?dsdsa
INFO: [ app_init ] --START--
INFO: Run Behavior\BuildLiteBehavior [ RunTime:0.000013s ]
INFO: [ app_init ] --END-- [ RunTime:0.000586s ]
INFO: [ app_begin ] --START--
INFO: Run Behavior\ReadHtmlCacheBehavior [ RunTime:0.001205s ]
INFO: [ app_begin ] --END-- [ RunTime:0.001310s ]
NOTIC: [8] Undefined index: ver D:\var\wwwroot\m.autod.cn\Application\API\Controller\BaseController.class.php 第 14 行.
NOTIC: [8] Undefined index: ver D:\var\wwwroot\m.autod.cn\Application\API\Controller\BaseController.class.php 第 15 行.

[ 2015-06-25T09:20:05+08:00 ] 127.0.0.1 /API/User/registerDevice?dsdsa
INFO: [ app_init ] --START--
INFO: Run Behavior\BuildLiteBehavior [ RunTime:0.000020s ]
INFO: [ app_init ] --END-- [ RunTime:0.000602s ]
INFO: [ app_begin ] --START--
INFO: Run Behavior\ReadHtmlCacheBehavior [ RunTime:0.000807s ]
INFO: [ app_begin ] --END-- [ RunTime:0.000887s ]
NOTIC: [8] Undefined index: ver D:\var\wwwroot\m.autod.cn\Application\API\Controller\BaseController.class.php 第 14 行.
NOTIC: [8] Undefined index: ver D:\var\wwwroot\m.autod.cn\Application\API\Controller\BaseController.class.php 第 15 行.

[ 2015-06-25T09:20:46+08:00 ] 127.0.0.1 /API/User/registerDevice?dsdsa
INFO: [ app_init ] --START--
INFO: Run Behavior\BuildLiteBehavior [ RunTime:0.000030s ]
INFO: [ app_init ] --END-- [ RunTime:0.000697s ]
INFO: [ app_begin ] --START--
INFO: Run Behavior\ReadHtmlCacheBehavior [ RunTime:0.000703s ]
INFO: [ app_begin ] --END-- [ RunTime:0.000799s ]
NOTIC: [8] Undefined index: ver D:\var\wwwroot\m.autod.cn\Application\API\Controller\BaseController.class.php 第 14 行.
NOTIC: [8] Undefined index: ver D:\var\wwwroot\m.autod.cn\Application\API\Controller\BaseController.class.php 第 15 行.

[ 2015-06-25T09:20:47+08:00 ] 127.0.0.1 /API/User/registerDevice?dsdsa
INFO: [ app_init ] --START--
INFO: Run Behavior\BuildLiteBehavior [ RunTime:0.000025s ]
INFO: [ app_init ] --END-- [ RunTime:0.000843s ]
INFO: [ app_begin ] --START--
INFO: Run Behavior\ReadHtmlCacheBehavior [ RunTime:0.000976s ]
INFO: [ app_begin ] --END-- [ RunTime:0.001098s ]
NOTIC: [8] Undefined index: ver D:\var\wwwroot\m.autod.cn\Application\API\Controller\BaseController.class.php 第 14 行.
NOTIC: [8] Undefined index: ver D:\var\wwwroot\m.autod.cn\Application\API\Controller\BaseController.class.php 第 15 行.

[ 2015-06-25T09:25:04+08:00 ] 127.0.0.1 /API/News/index?sessionId=56gi0ujo1is8f8lvkjc0totdh1
INFO: [ app_init ] --START--
INFO: Run Behavior\BuildLiteBehavior [ RunTime:0.000027s ]
INFO: [ app_init ] --END-- [ RunTime:0.000882s ]
INFO: [ app_begin ] --START--
INFO: Run Behavior\ReadHtmlCacheBehavior [ RunTime:0.000511s ]
INFO: [ app_begin ] --END-- [ RunTime:0.000567s ]
NOTIC: [8] Undefined index: ver D:\var\wwwroot\m.autod.cn\Application\API\Controller\BaseController.class.php 第 14 行.
NOTIC: [8] Undefined index: ver D:\var\wwwroot\m.autod.cn\Application\API\Controller\BaseController.class.php 第 15 行.

[ 2015-06-25T09:25:55+08:00 ] 127.0.0.1 /API/News/index?sessionId=56gi0ujo1is8f8lvkjc0totdh1
INFO: [ app_init ] --START--
INFO: Run Behavior\BuildLiteBehavior [ RunTime:0.000042s ]
INFO: [ app_init ] --END-- [ RunTime:0.001409s ]
INFO: [ app_begin ] --START--
INFO: Run Behavior\ReadHtmlCacheBehavior [ RunTime:0.001163s ]
INFO: [ app_begin ] --END-- [ RunTime:0.001242s ]
NOTIC: [8] Undefined index: ver D:\var\wwwroot\m.autod.cn\Application\API\Controller\BaseController.class.php 第 14 行.
NOTIC: [8] Undefined index: ver D:\var\wwwroot\m.autod.cn\Application\API\Controller\BaseController.class.php 第 15 行.

[ 2015-06-25T09:26:11+08:00 ] 127.0.0.1 /API/User/reconnect?regId=6
INFO: [ app_init ] --START--
INFO: Run Behavior\BuildLiteBehavior [ RunTime:0.000010s ]
INFO: [ app_init ] --END-- [ RunTime:0.000345s ]
INFO: [ app_begin ] --START--
INFO: Run Behavior\ReadHtmlCacheBehavior [ RunTime:0.000618s ]
INFO: [ app_begin ] --END-- [ RunTime:0.000668s ]
NOTIC: [8] Undefined index: ver D:\var\wwwroot\m.autod.cn\Application\API\Controller\BaseController.class.php 第 14 行.
NOTIC: [8] Undefined index: ver D:\var\wwwroot\m.autod.cn\Application\API\Controller\BaseController.class.php 第 15 行.
NOTIC: [8] Undefined index: regId D:\var\wwwroot\m.autod.cn\Application\API\Controller\UserController.class.php 第 112 行.
ERR: SQLSTATE[HY000] [1045] Access denied for user 'adSlive'@'localhost' (using password: YES)
SQL: SHOW COLUMNS FROM `ad_user_device` [ RunTime:0.0194s ]
SQL: SHOW COLUMNS FROM `ad_user` [ RunTime:0.0055s ]
SQL: SELECT * FROM `ad_user_device` WHERE ( reg_id = '6' ) LIMIT 1   [ RunTime:0.0012s ]
SQL: SELECT * FROM `ad_user` WHERE ( id = '0' ) LIMIT 1   [ RunTime:0.0004s ]

[ 2015-06-25T09:26:15+08:00 ] 127.0.0.1 /API/News/index?sessionId=56gi0ujo1is8f8lvkjc0totdh1
INFO: [ app_init ] --START--
INFO: Run Behavior\BuildLiteBehavior [ RunTime:0.000010s ]
INFO: [ app_init ] --END-- [ RunTime:0.000355s ]
INFO: [ app_begin ] --START--
INFO: Run Behavior\ReadHtmlCacheBehavior [ RunTime:0.000529s ]
INFO: [ app_begin ] --END-- [ RunTime:0.000563s ]
NOTIC: [8] Undefined index: ver D:\var\wwwroot\m.autod.cn\Application\API\Controller\BaseController.class.php 第 14 行.
NOTIC: [8] Undefined index: ver D:\var\wwwroot\m.autod.cn\Application\API\Controller\BaseController.class.php 第 15 行.
NOTIC: [8] Undefined index: page D:\var\wwwroot\m.autod.cn\Application\API\Controller\NewsController.class.php 第 34 行.
ERR: SQLSTATE[HY000] [1045] Access denied for user 'adSlive'@'localhost' (using password: YES)
SQL: SHOW COLUMNS FROM `ad_news_choice` [ RunTime:0.0865s ]
SQL: SHOW COLUMNS FROM `ad_news_comments` [ RunTime:0.0211s ]
SQL: SHOW COLUMNS FROM `ad_news_like` [ RunTime:0.0098s ]
SQL: SHOW COLUMNS FROM `ad_news_fav` [ RunTime:0.0102s ]
SQL: SHOW COLUMNS FROM `ad_news_follow` [ RunTime:0.0071s ]
SQL: SHOW COLUMNS FROM `ad_news_source` [ RunTime:0.0050s ]
SQL: SELECT * FROM `ad_news_choice` ORDER BY rand() LIMIT 100   [ RunTime:0.0017s ]

[ 2015-06-25T09:26:18+08:00 ] 127.0.0.1 /API/News/index?sessionId=56gi0ujo1is8f8lvkjc0totdh1
INFO: [ app_init ] --START--
INFO: Run Behavior\BuildLiteBehavior [ RunTime:0.000010s ]
INFO: [ app_init ] --END-- [ RunTime:0.000712s ]
INFO: [ app_begin ] --START--
INFO: Run Behavior\ReadHtmlCacheBehavior [ RunTime:0.000569s ]
INFO: [ app_begin ] --END-- [ RunTime:0.000619s ]
NOTIC: [8] Undefined index: ver D:\var\wwwroot\m.autod.cn\Application\API\Controller\BaseController.class.php 第 14 行.
NOTIC: [8] Undefined index: ver D:\var\wwwroot\m.autod.cn\Application\API\Controller\BaseController.class.php 第 15 行.
NOTIC: [8] Undefined index: page D:\var\wwwroot\m.autod.cn\Application\API\Controller\NewsController.class.php 第 34 行.
ERR: SQLSTATE[HY000] [1045] Access denied for user 'adSlive'@'localhost' (using password: YES)
SQL: SHOW COLUMNS FROM `ad_news_choice` [ RunTime:0.0233s ]
SQL: SHOW COLUMNS FROM `ad_news_comments` [ RunTime:0.0033s ]
SQL: SHOW COLUMNS FROM `ad_news_like` [ RunTime:0.0033s ]
SQL: SHOW COLUMNS FROM `ad_news_fav` [ RunTime:0.0039s ]
SQL: SHOW COLUMNS FROM `ad_news_follow` [ RunTime:0.0372s ]
SQL: SHOW COLUMNS FROM `ad_news_source` [ RunTime:0.0080s ]
SQL: SELECT * FROM `ad_news_choice` ORDER BY rand() LIMIT 100   [ RunTime:0.0013s ]

[ 2015-06-25T09:26:32+08:00 ] 127.0.0.1 /API/News/index?sessionId=56gi0ujo1is8f8lvkjc0totdh1
INFO: [ app_init ] --START--
INFO: Run Behavior\BuildLiteBehavior [ RunTime:0.000009s ]
INFO: [ app_init ] --END-- [ RunTime:0.000282s ]
INFO: [ app_begin ] --START--
INFO: Run Behavior\ReadHtmlCacheBehavior [ RunTime:0.000461s ]
INFO: [ app_begin ] --END-- [ RunTime:0.000493s ]
NOTIC: [8] Undefined index: ver D:\var\wwwroot\m.autod.cn\Application\API\Controller\BaseController.class.php 第 14 行.
NOTIC: [8] Undefined index: ver D:\var\wwwroot\m.autod.cn\Application\API\Controller\BaseController.class.php 第 15 行.
NOTIC: [8] Undefined index: page D:\var\wwwroot\m.autod.cn\Application\API\Controller\NewsController.class.php 第 34 行.
ERR: SQLSTATE[HY000] [1045] Access denied for user 'adSlive'@'localhost' (using password: YES)
SQL: SHOW COLUMNS FROM `ad_news_choice` [ RunTime:0.1102s ]
SQL: SHOW COLUMNS FROM `ad_news_comments` [ RunTime:0.0115s ]
SQL: SHOW COLUMNS FROM `ad_news_like` [ RunTime:0.0103s ]
SQL: SHOW COLUMNS FROM `ad_news_fav` [ RunTime:0.0085s ]
SQL: SHOW COLUMNS FROM `ad_news_follow` [ RunTime:0.0121s ]
SQL: SHOW COLUMNS FROM `ad_news_source` [ RunTime:0.0054s ]
SQL: SELECT * FROM `ad_news_choice` ORDER BY rand() LIMIT 100   [ RunTime:0.0019s ]

[ 2015-06-25T09:29:08+08:00 ] 127.0.0.1 /API/News/index?sessionId=56gi0ujo1is8f8lvkjc0totdh1
INFO: [ app_init ] --START--
INFO: Run Behavior\BuildLiteBehavior [ RunTime:0.000023s ]
INFO: [ app_init ] --END-- [ RunTime:0.000847s ]
INFO: [ app_begin ] --START--
INFO: Run Behavior\ReadHtmlCacheBehavior [ RunTime:0.001152s ]
INFO: [ app_begin ] --END-- [ RunTime:0.001275s ]
NOTIC: [8] Undefined index: ver D:\var\wwwroot\m.autod.cn\Application\API\Controller\BaseController.class.php 第 14 行.
NOTIC: [8] Undefined index: ver D:\var\wwwroot\m.autod.cn\Application\API\Controller\BaseController.class.php 第 15 行.
NOTIC: [8] Undefined index: page D:\var\wwwroot\m.autod.cn\Application\API\Controller\NewsController.class.php 第 34 行.
ERR: SQLSTATE[HY000] [1045] Access denied for user 'adSlive'@'localhost' (using password: YES)
SQL: SHOW COLUMNS FROM `ad_news_choice` [ RunTime:0.0106s ]
SQL: SHOW COLUMNS FROM `ad_news_comments` [ RunTime:0.0056s ]
SQL: SHOW COLUMNS FROM `ad_news_like` [ RunTime:0.0073s ]
SQL: SHOW COLUMNS FROM `ad_news_fav` [ RunTime:0.0052s ]
SQL: SHOW COLUMNS FROM `ad_news_follow` [ RunTime:0.0059s ]
SQL: SHOW COLUMNS FROM `ad_news_source` [ RunTime:0.0092s ]
SQL: SELECT * FROM `ad_news_choice` ORDER BY rand() LIMIT 100   [ RunTime:0.0020s ]

